*** Will now execute command «# Force Kazakhstan regional standards (24h time and DD.MM.YYYY) $intl = 'HKU\DefaultUser\Control Pa…».
The operation completed successfully.

The operation completed successfully.

The operation completed successfully.

The operation completed successfully.

*** Finished executing command after 100 ms.




*** Will now execute command «reg.exe add "HKU\DefaultUser\Software\Policies\Microsoft\Windows\WindowsCopilot" /v TurnOffWindowsC…».
The operation completed successfully.

*** Finished executing command after 47 ms.




*** Will now execute command «reg.exe add "HKU\DefaultUser\Software\Microsoft\Internet Explorer\LowRegistry\Audio\PolicyConfig\Pr…».
The operation completed successfully.

*** Finished executing command after 32 ms.




*** Will now execute command «Remove-ItemProperty -LiteralPath 'Registry::HKU\DefaultUser\Software\Microsoft\Windows\CurrentVersi…».
*** Finished executing command after 96 ms.




*** Will now execute command «reg.exe add "HKU\DefaultUser\Software\Microsoft\Windows\CurrentVersion\GameDVR" /v AppCaptureEnable…».
The operation completed successfully.

*** Finished executing command after 32 ms.




*** Will now execute command «reg.exe add "HKU\DefaultUser\Software\Microsoft\Windows\CurrentVersion\Explorer\Advanced" /v "HideF…».
The operation completed successfully.

*** Finished executing command after 32 ms.




*** Will now execute command «reg.exe add "HKU\DefaultUser\Software\Microsoft\Windows\CurrentVersion\Explorer\Advanced" /v "Hidde…».
The operation completed successfully.

*** Finished executing command after 32 ms.




*** Will now execute command «reg.exe add "HKU\DefaultUser\Software\Microsoft\Windows\CurrentVersion\Explorer\Advanced" /v ShowTa…».
The operation completed successfully.

*** Finished executing command after 35 ms.




*** Will now execute command «$names = @( 'ContentDeliveryAllowed'; 'FeatureManagementEnabled'; 'OEMPreInstalledAppsEnabled'; 'Pr…».
The operation completed successfully.

The operation completed successfully.

The operation completed successfully.

The operation completed successfully.

The operation completed successfully.

The operation completed successfully.

The operation completed successfully.

The operation completed successfully.

The operation completed successfully.

The operation completed successfully.

The operation completed successfully.

The operation completed successfully.

The operation completed successfully.

The operation completed successfully.

The operation completed successfully.

The operation completed successfully.

The operation completed successfully.

*** Finished executing command after 286 ms.




*** Will now execute command «reg.exe add "HKU\DefaultUser\Software\Microsoft\Windows\CurrentVersion\Explorer\Advanced" /v Taskba…».
The operation completed successfully.

*** Finished executing command after 32 ms.




*** Will now execute command «reg.exe add "HKU\DefaultUser\Software\Policies\Microsoft\Windows\Explorer" /v DisableSearchBoxSugge…».
The operation completed successfully.

*** Finished executing command after 32 ms.




*** Will now execute command «reg.exe add "HKU\DefaultUser\Software\Microsoft\Windows\CurrentVersion\Explorer\Advanced\TaskbarDev…».
The operation completed successfully.

*** Finished executing command after 31 ms.




*** Will now execute command «reg.exe add "HKU\DefaultUser\Software\Microsoft\Windows\DWM" /v ColorPrevalence /t REG_DWORD /d 0 /…».
The operation completed successfully.

*** Finished executing command after 32 ms.




*** Will now execute command «reg.exe add "HKU\DefaultUser\Software\Microsoft\Windows\CurrentVersion\RunOnce" /v "UnattendedSetup…».
The operation completed successfully.

*** Finished executing command after 64 ms.




*** Will now execute command «# Force Kazakhstan regional standards (24h time and DD.MM.YYYY) $intl = 'HKU\DefaultUser\Control Pa…».
reg.exe : ERROR: The parameter is incorrect.
At C:\Windows\Setup\Scripts\DefaultUser.ps1:5 char:9
+         reg.exe add $intl /v sShortTime /t REG_SZ /d "H:mm" /f;
+         ~~~~~~~~~~~~~~~~~~~~~~~~~~~~~~~~~~~~~~~~~~~~~~~~~~~~~~
    + CategoryInfo          : NotSpecified: (ERROR: The parameter is incorrect.:String) [], Remote    Exception
    + FullyQualifiedErrorId : NativeCommandError
 

reg.exe : ERROR: The parameter is incorrect.
At C:\Windows\Setup\Scripts\DefaultUser.ps1:6 char:9
+         reg.exe add $intl /v sTimeFormat /t REG_SZ /d "H:mm:ss" /f;
+         ~~~~~~~~~~~~~~~~~~~~~~~~~~~~~~~~~~~~~~~~~~~~~~~~~~~~~~~~~~
    + CategoryInfo          : NotSpecified: (ERROR: The parameter is incorrect.:String) [], Remote    Exception
    + FullyQualifiedErrorId : NativeCommandError
 

reg.exe : ERROR: The parameter is incorrect.
At C:\Windows\Setup\Scripts\DefaultUser.ps1:7 char:9
+         reg.exe add $intl /v sShortDate /t REG_SZ /d "dd.MM.yyyy" /f;
+         ~~~~~~~~~~~~~~~~~~~~~~~~~~~~~~~~~~~~~~~~~~~~~~~~~~~~~~~~~~~~
    + CategoryInfo          : NotSpecified: (ERROR: The parameter is incorrect.:String) [], Remote    Exception
    + FullyQualifiedErrorId : NativeCommandError
 

reg.exe : ERROR: The parameter is incorrect.
At C:\Windows\Setup\Scripts\DefaultUser.ps1:8 char:9
+         reg.exe add $intl /v iCountry /t REG_SZ /d "7" /f;
+         ~~~~~~~~~~~~~~~~~~~~~~~~~~~~~~~~~~~~~~~~~~~~~~~~~
    + CategoryInfo          : NotSpecified: (ERROR: The parameter is incorrect.:String) [], Remote    Exception
    + FullyQualifiedErrorId : NativeCommandError
 

*** Finished executing command after 567 ms.




*** Will now execute command «reg.exe add "HKU\DefaultUser\Software\Policies\Microsoft\Windows\WindowsCopilot" /v TurnOffWindowsC…».
reg.exe : ERROR: The parameter is incorrect.
At C:\Windows\Setup\Scripts\DefaultUser.ps1:11 char:3
+         reg.exe add "HKU\DefaultUser\Software\Policies\Microsoft\Wind ...
+         ~~~~~~~~~~~~~~~~~~~~~~~~~~~~~~~~~~~~~~~~~~~~~~~~~~~~~~~~~~~~~
    + CategoryInfo          : NotSpecified: (ERROR: The parameter is incorrect.:String) [], Remote    Exception
    + FullyQualifiedErrorId : NativeCommandError
 

*** Finished executing command after 26 ms.




*** Will now execute command «reg.exe add "HKU\DefaultUser\Software\Microsoft\Internet Explorer\LowRegistry\Audio\PolicyConfig\Pr…».
reg.exe : ERROR: The parameter is incorrect.
At C:\Windows\Setup\Scripts\DefaultUser.ps1:14 char:3
+         reg.exe add "HKU\DefaultUser\Software\Microsoft\Internet Expl ...
+         ~~~~~~~~~~~~~~~~~~~~~~~~~~~~~~~~~~~~~~~~~~~~~~~~~~~~~~~~~~~~~
    + CategoryInfo          : NotSpecified: (ERROR: The parameter is incorrect.:String) [], Remote    Exception
    + FullyQualifiedErrorId : NativeCommandError
 

*** Finished executing command after 27 ms.




*** Will now execute command «Remove-ItemProperty -LiteralPath 'Registry::HKU\DefaultUser\Software\Microsoft\Windows\CurrentVersi…».
Remove-ItemProperty : Cannot find path 'HKU\DefaultUser\Software\Microsoft\Windows\CurrentVersion\Run' because it does not exist.
At C:\Windows\Setup\Scripts\DefaultUser.ps1:17 char:3
+         Remove-ItemProperty -LiteralPath 'Registry::HKU\DefaultUser\S ...
+         ~~~~~~~~~~~~~~~~~~~~~~~~~~~~~~~~~~~~~~~~~~~~~~~~~~~~~~~~~~~~~
    + CategoryInfo          : ObjectNotFound: (HKU\DefaultUser...rentVersion\Run:String) [Remove-I    temProperty], ItemNotFoundException
    + FullyQualifiedErrorId : PathNotFound,Microsoft.PowerShell.Commands.RemoveItemPropertyCommand
 
*** Finished executing command after 151 ms.




*** Will now execute command «reg.exe add "HKU\DefaultUser\Software\Microsoft\Windows\CurrentVersion\GameDVR" /v AppCaptureEnable…».
reg.exe : ERROR: The parameter is incorrect.
At C:\Windows\Setup\Scripts\DefaultUser.ps1:20 char:3
+         reg.exe add "HKU\DefaultUser\Software\Microsoft\Windows\Curre ...
+         ~~~~~~~~~~~~~~~~~~~~~~~~~~~~~~~~~~~~~~~~~~~~~~~~~~~~~~~~~~~~~
    + CategoryInfo          : NotSpecified: (ERROR: The parameter is incorrect.:String) [], Remote    Exception
    + FullyQualifiedErrorId : NativeCommandError
 

*** Finished executing command after 30 ms.




*** Will now execute command «reg.exe add "HKU\DefaultUser\Software\Microsoft\Windows\CurrentVersion\Explorer\Advanced" /v "HideF…».
reg.exe : ERROR: The parameter is incorrect.
At C:\Windows\Setup\Scripts\DefaultUser.ps1:23 char:3
+         reg.exe add "HKU\DefaultUser\Software\Microsoft\Windows\Curre ...
+         ~~~~~~~~~~~~~~~~~~~~~~~~~~~~~~~~~~~~~~~~~~~~~~~~~~~~~~~~~~~~~
    + CategoryInfo          : NotSpecified: (ERROR: The parameter is incorrect.:String) [], Remote    Exception
    + FullyQualifiedErrorId : NativeCommandError
 

*** Finished executing command after 32 ms.




*** Will now execute command «reg.exe add "HKU\DefaultUser\Software\Microsoft\Windows\CurrentVersion\Explorer\Advanced" /v "Hidde…».
reg.exe : ERROR: The parameter is incorrect.
At C:\Windows\Setup\Scripts\DefaultUser.ps1:26 char:3
+         reg.exe add "HKU\DefaultUser\Software\Microsoft\Windows\Curre ...
+         ~~~~~~~~~~~~~~~~~~~~~~~~~~~~~~~~~~~~~~~~~~~~~~~~~~~~~~~~~~~~~
    + CategoryInfo          : NotSpecified: (ERROR: The parameter is incorrect.:String) [], Remote    Exception
    + FullyQualifiedErrorId : NativeCommandError
 

*** Finished executing command after 29 ms.




*** Will now execute command «reg.exe add "HKU\DefaultUser\Software\Microsoft\Windows\CurrentVersion\Explorer\Advanced" /v ShowTa…».
reg.exe : ERROR: The parameter is incorrect.
At C:\Windows\Setup\Scripts\DefaultUser.ps1:29 char:3
+         reg.exe add "HKU\DefaultUser\Software\Microsoft\Windows\Curre ...
+         ~~~~~~~~~~~~~~~~~~~~~~~~~~~~~~~~~~~~~~~~~~~~~~~~~~~~~~~~~~~~~
    + CategoryInfo          : NotSpecified: (ERROR: The parameter is incorrect.:String) [], Remote    Exception
    + FullyQualifiedErrorId : NativeCommandError
 

*** Finished executing command after 27 ms.




*** Will now execute command «$names = @( 'ContentDeliveryAllowed'; 'FeatureManagementEnabled'; 'OEMPreInstalledAppsEnabled'; 'Pr…».
reg.exe : ERROR: The parameter is incorrect.
At C:\Windows\Setup\Scripts\DefaultUser.ps1:53 char:5
+           reg.exe add "HKU\DefaultUser\Software\Microsoft\Windows\Cur ...
+           ~~~~~~~~~~~~~~~~~~~~~~~~~~~~~~~~~~~~~~~~~~~~~~~~~~~~~~~~~~~
    + CategoryInfo          : NotSpecified: (ERROR: The parameter is incorrect.:String) [], Remote    Exception
    + FullyQualifiedErrorId : NativeCommandError
 

reg.exe : ERROR: The parameter is incorrect.
At C:\Windows\Setup\Scripts\DefaultUser.ps1:53 char:5
+           reg.exe add "HKU\DefaultUser\Software\Microsoft\Windows\Cur ...
+           ~~~~~~~~~~~~~~~~~~~~~~~~~~~~~~~~~~~~~~~~~~~~~~~~~~~~~~~~~~~
    + CategoryInfo          : NotSpecified: (ERROR: The parameter is incorrect.:String) [], Remote    Exception
    + FullyQualifiedErrorId : NativeCommandError
 

reg.exe : ERROR: The parameter is incorrect.
At C:\Windows\Setup\Scripts\DefaultUser.ps1:53 char:5
+           reg.exe add "HKU\DefaultUser\Software\Microsoft\Windows\Cur ...
+           ~~~~~~~~~~~~~~~~~~~~~~~~~~~~~~~~~~~~~~~~~~~~~~~~~~~~~~~~~~~
    + CategoryInfo          : NotSpecified: (ERROR: The parameter is incorrect.:String) [], Remote    Exception
    + FullyQualifiedErrorId : NativeCommandError
 

reg.exe : ERROR: The parameter is incorrect.
At C:\Windows\Setup\Scripts\DefaultUser.ps1:53 char:5
+           reg.exe add "HKU\DefaultUser\Software\Microsoft\Windows\Cur ...
+           ~~~~~~~~~~~~~~~~~~~~~~~~~~~~~~~~~~~~~~~~~~~~~~~~~~~~~~~~~~~
    + CategoryInfo          : NotSpecified: (ERROR: The parameter is incorrect.:String) [], Remote    Exception
    + FullyQualifiedErrorId : NativeCommandError
 

reg.exe : ERROR: The parameter is incorrect.
At C:\Windows\Setup\Scripts\DefaultUser.ps1:53 char:5
+           reg.exe add "HKU\DefaultUser\Software\Microsoft\Windows\Cur ...
+           ~~~~~~~~~~~~~~~~~~~~~~~~~~~~~~~~~~~~~~~~~~~~~~~~~~~~~~~~~~~
    + CategoryInfo          : NotSpecified: (ERROR: The parameter is incorrect.:String) [], Remote    Exception
    + FullyQualifiedErrorId : NativeCommandError
 

reg.exe : ERROR: The parameter is incorrect.
At C:\Windows\Setup\Scripts\DefaultUser.ps1:53 char:5
+           reg.exe add "HKU\DefaultUser\Software\Microsoft\Windows\Cur ...
+           ~~~~~~~~~~~~~~~~~~~~~~~~~~~~~~~~~~~~~~~~~~~~~~~~~~~~~~~~~~~
    + CategoryInfo          : NotSpecified: (ERROR: The parameter is incorrect.:String) [], Remote    Exception
    + FullyQualifiedErrorId : NativeCommandError
 

reg.exe : ERROR: The parameter is incorrect.
At C:\Windows\Setup\Scripts\DefaultUser.ps1:53 char:5
+           reg.exe add "HKU\DefaultUser\Software\Microsoft\Windows\Cur ...
+           ~~~~~~~~~~~~~~~~~~~~~~~~~~~~~~~~~~~~~~~~~~~~~~~~~~~~~~~~~~~
    + CategoryInfo          : NotSpecified: (ERROR: The parameter is incorrect.:String) [], Remote    Exception
    + FullyQualifiedErrorId : NativeCommandError
 

reg.exe : ERROR: The parameter is incorrect.
At C:\Windows\Setup\Scripts\DefaultUser.ps1:53 char:5
+           reg.exe add "HKU\DefaultUser\Software\Microsoft\Windows\Cur ...
+           ~~~~~~~~~~~~~~~~~~~~~~~~~~~~~~~~~~~~~~~~~~~~~~~~~~~~~~~~~~~
    + CategoryInfo          : NotSpecified: (ERROR: The parameter is incorrect.:String) [], Remote    Exception
    + FullyQualifiedErrorId : NativeCommandError
 

reg.exe : ERROR: The parameter is incorrect.
At C:\Windows\Setup\Scripts\DefaultUser.ps1:53 char:5
+           reg.exe add "HKU\DefaultUser\Software\Microsoft\Windows\Cur ...
+           ~~~~~~~~~~~~~~~~~~~~~~~~~~~~~~~~~~~~~~~~~~~~~~~~~~~~~~~~~~~
    + CategoryInfo          : NotSpecified: (ERROR: The parameter is incorrect.:String) [], Remote    Exception
    + FullyQualifiedErrorId : NativeCommandError
 

reg.exe : ERROR: The parameter is incorrect.
At C:\Windows\Setup\Scripts\DefaultUser.ps1:53 char:5
+           reg.exe add "HKU\DefaultUser\Software\Microsoft\Windows\Cur ...
+           ~~~~~~~~~~~~~~~~~~~~~~~~~~~~~~~~~~~~~~~~~~~~~~~~~~~~~~~~~~~
    + CategoryInfo          : NotSpecified: (ERROR: The parameter is incorrect.:String) [], Remote    Exception
    + FullyQualifiedErrorId : NativeCommandError
 

reg.exe : ERROR: The parameter is incorrect.
At C:\Windows\Setup\Scripts\DefaultUser.ps1:53 char:5
+           reg.exe add "HKU\DefaultUser\Software\Microsoft\Windows\Cur ...
+           ~~~~~~~~~~~~~~~~~~~~~~~~~~~~~~~~~~~~~~~~~~~~~~~~~~~~~~~~~~~
    + CategoryInfo          : NotSpecified: (ERROR: The parameter is incorrect.:String) [], Remote    Exception
    + FullyQualifiedErrorId : NativeCommandError
 

reg.exe : ERROR: The parameter is incorrect.
At C:\Windows\Setup\Scripts\DefaultUser.ps1:53 char:5
+           reg.exe add "HKU\DefaultUser\Software\Microsoft\Windows\Cur ...
+           ~~~~~~~~~~~~~~~~~~~~~~~~~~~~~~~~~~~~~~~~~~~~~~~~~~~~~~~~~~~
    + CategoryInfo          : NotSpecified: (ERROR: The parameter is incorrect.:String) [], Remote    Exception
    + FullyQualifiedErrorId : NativeCommandError
 

reg.exe : ERROR: The parameter is incorrect.
At C:\Windows\Setup\Scripts\DefaultUser.ps1:53 char:5
+           reg.exe add "HKU\DefaultUser\Software\Microsoft\Windows\Cur ...
+           ~~~~~~~~~~~~~~~~~~~~~~~~~~~~~~~~~~~~~~~~~~~~~~~~~~~~~~~~~~~
    + CategoryInfo          : NotSpecified: (ERROR: The parameter is incorrect.:String) [], Remote    Exception
    + FullyQualifiedErrorId : NativeCommandError
 

reg.exe : ERROR: The parameter is incorrect.
At C:\Windows\Setup\Scripts\DefaultUser.ps1:53 char:5
+           reg.exe add "HKU\DefaultUser\Software\Microsoft\Windows\Cur ...
+           ~~~~~~~~~~~~~~~~~~~~~~~~~~~~~~~~~~~~~~~~~~~~~~~~~~~~~~~~~~~
    + CategoryInfo          : NotSpecified: (ERROR: The parameter is incorrect.:String) [], Remote    Exception
    + FullyQualifiedErrorId : NativeCommandError
 

reg.exe : ERROR: The parameter is incorrect.
At C:\Windows\Setup\Scripts\DefaultUser.ps1:53 char:5
+           reg.exe add "HKU\DefaultUser\Software\Microsoft\Windows\Cur ...
+           ~~~~~~~~~~~~~~~~~~~~~~~~~~~~~~~~~~~~~~~~~~~~~~~~~~~~~~~~~~~
    + CategoryInfo          : NotSpecified: (ERROR: The parameter is incorrect.:String) [], Remote    Exception
    + FullyQualifiedErrorId : NativeCommandError
 

reg.exe : ERROR: The parameter is incorrect.
At C:\Windows\Setup\Scripts\DefaultUser.ps1:53 char:5
+           reg.exe add "HKU\DefaultUser\Software\Microsoft\Windows\Cur ...
+           ~~~~~~~~~~~~~~~~~~~~~~~~~~~~~~~~~~~~~~~~~~~~~~~~~~~~~~~~~~~
    + CategoryInfo          : NotSpecified: (ERROR: The parameter is incorrect.:String) [], Remote    Exception
    + FullyQualifiedErrorId : NativeCommandError
 

reg.exe : ERROR: The parameter is incorrect.
At C:\Windows\Setup\Scripts\DefaultUser.ps1:53 char:5
+           reg.exe add "HKU\DefaultUser\Software\Microsoft\Windows\Cur ...
+           ~~~~~~~~~~~~~~~~~~~~~~~~~~~~~~~~~~~~~~~~~~~~~~~~~~~~~~~~~~~
    + CategoryInfo          : NotSpecified: (ERROR: The parameter is incorrect.:String) [], Remote    Exception
    + FullyQualifiedErrorId : NativeCommandError
 

*** Finished executing command after 245 ms.




*** Will now execute command «reg.exe add "HKU\DefaultUser\Software\Microsoft\Windows\CurrentVersion\Explorer\Advanced" /v Taskba…».
reg.exe : ERROR: The parameter is incorrect.
At C:\Windows\Setup\Scripts\DefaultUser.ps1:57 char:3
+         reg.exe add "HKU\DefaultUser\Software\Microsoft\Windows\Curre ...
+         ~~~~~~~~~~~~~~~~~~~~~~~~~~~~~~~~~~~~~~~~~~~~~~~~~~~~~~~~~~~~~
    + CategoryInfo          : NotSpecified: (ERROR: The parameter is incorrect.:String) [], Remote    Exception
    + FullyQualifiedErrorId : NativeCommandError
 

*** Finished executing command after 28 ms.




*** Will now execute command «reg.exe add "HKU\DefaultUser\Software\Policies\Microsoft\Windows\Explorer" /v DisableSearchBoxSugge…».
reg.exe : ERROR: The parameter is incorrect.
At C:\Windows\Setup\Scripts\DefaultUser.ps1:60 char:3
+         reg.exe add "HKU\DefaultUser\Software\Policies\Microsoft\Wind ...
+         ~~~~~~~~~~~~~~~~~~~~~~~~~~~~~~~~~~~~~~~~~~~~~~~~~~~~~~~~~~~~~
    + CategoryInfo          : NotSpecified: (ERROR: The parameter is incorrect.:String) [], Remote    Exception
    + FullyQualifiedErrorId : NativeCommandError
 

*** Finished executing command after 27 ms.




*** Will now execute command «reg.exe add "HKU\DefaultUser\Software\Microsoft\Windows\CurrentVersion\Explorer\Advanced\TaskbarDev…».
reg.exe : ERROR: The parameter is incorrect.
At C:\Windows\Setup\Scripts\DefaultUser.ps1:63 char:3
+         reg.exe add "HKU\DefaultUser\Software\Microsoft\Windows\Curre ...
+         ~~~~~~~~~~~~~~~~~~~~~~~~~~~~~~~~~~~~~~~~~~~~~~~~~~~~~~~~~~~~~
    + CategoryInfo          : NotSpecified: (ERROR: The parameter is incorrect.:String) [], Remote    Exception
    + FullyQualifiedErrorId : NativeCommandError
 

*** Finished executing command after 26 ms.




*** Will now execute command «reg.exe add "HKU\DefaultUser\Software\Microsoft\Windows\DWM" /v ColorPrevalence /t REG_DWORD /d 0 /…».
reg.exe : ERROR: The parameter is incorrect.
At C:\Windows\Setup\Scripts\DefaultUser.ps1:66 char:3
+         reg.exe add "HKU\DefaultUser\Software\Microsoft\Windows\DWM"  ...
+         ~~~~~~~~~~~~~~~~~~~~~~~~~~~~~~~~~~~~~~~~~~~~~~~~~~~~~~~~~~~~~
    + CategoryInfo          : NotSpecified: (ERROR: The parameter is incorrect.:String) [], Remote    Exception
    + FullyQualifiedErrorId : NativeCommandError
 

*** Finished executing command after 25 ms.




*** Will now execute command «reg.exe add "HKU\DefaultUser\Software\Microsoft\Windows\CurrentVersion\RunOnce" /v "UnattendedSetup…».
reg.exe : ERROR: The parameter is incorrect.
At C:\Windows\Setup\Scripts\DefaultUser.ps1:69 char:3
+         reg.exe add "HKU\DefaultUser\Software\Microsoft\Windows\Curre ...
+         ~~~~~~~~~~~~~~~~~~~~~~~~~~~~~~~~~~~~~~~~~~~~~~~~~~~~~~~~~~~~~
    + CategoryInfo          : NotSpecified: (ERROR: The parameter is incorrect.:String) [], Remote    Exception
    + FullyQualifiedErrorId : NativeCommandError
 

*** Finished executing command after 38 ms.




