2026-02-19 10:27:43, Error                 MOUPG  CMoSetupOneSettingsHelperT<class CEmptyType>::InitializeSettings(324): Result = 0x80072EE7
2026-02-19 10:27:43, Error                 MOUPG  CSetupHost::InitializeOneSettings(1606): Result = 0x80072EE7
2026-02-19 10:27:43, Error                 MOUPG  SetupHost: OneSettings initialization failed: [0x80072EE7]
2026-02-19 10:27:43, Error                 MOUPG  CSetupManager::GetWuIdFromRegistry(13192): Result = 0x80070002
2026-02-19 10:27:43, Error                 MOUPG  CDlpActionProductKeyValidate::ReportDownlevelInstallChannel(3648): Result = 0x80070490
2026-02-19 10:27:43, Error                 MOUPG  ProductKey: Failed to report Host OS channel to telemetry.
2026-02-19 10:27:48, Error                 CONX   hwreqchk: ERROR,Windows::Compat::HardwareRequirements::HardwareRequirementSettings::IsMeteredConnection,29,Failed to get NetworkCostType assuming metered network [0x80040154].

2026-02-19 10:27:48, Error                 CONX   hwreqchk: ERROR,Windows::Compat::HardwareRequirements::HardwareRequirementSettings::GetSettingsFromEndpoint,244,Failed to retrieve Sqm DeviceId: [0x80070002].

2026-02-19 10:27:48, Error                 CONX   hwreqchk: ERROR,Windows::Compat::HardwareRequirements::HardwareRequirementSettings::GetSettings,94,Failed to get settings from endpoint [0x80070002].

2026-02-19 10:27:48, Error                 CONX   hwreqchk: ERROR,ProcessJson,606,Unable to GetSettings [0x80070002]

2026-02-19 10:27:48, Error                 CONX   hwreqchk: ERROR,Windows::Compat::HardwareRequirements::HardwareRequirementSettings::IsMeteredConnection,29,Failed to get NetworkCostType assuming metered network [0x80040154].

2026-02-19 10:27:48, Error                 CONX   hwreqchk: ERROR,Windows::Compat::HardwareRequirements::HardwareRequirementSettings::GetSettingsFromEndpoint,244,Failed to retrieve Sqm DeviceId: [0x80070002].

2026-02-19 10:27:48, Error                 CONX   hwreqchk: ERROR,Windows::Compat::HardwareRequirements::HardwareRequirementSettings::GetSettings,94,Failed to get settings from endpoint [0x80070002].

2026-02-19 10:27:48, Error                 CONX   hwreqchk: ERROR,ProcessJson,606,Unable to GetSettings [0x80070002]

2026-02-19 10:27:49, Error                 MOUPG  CDlpResponseInstallLocation::ObtainData(122): Result = 0x8007000D
2026-02-19 10:27:49, Error                 MOUPG  CDlpActionDiskManagement::GetDriveLetterFromUnattend(877): Result = 0x8007000D
2026-02-19 10:28:25, Error                 SP     CNewSystem::PreInitialize: FveCheckSuspendBitLockerOnUpgrade failed: 0x8031004a, assuming auto-unlock is not supported
2026-02-19 10:37:17, Error                 SP         BFSVC: USE_EX_BINS flag is specified, but 2023 cert is not in db
2026-02-19 10:37:17, Error                 SP         BFSVC: BfspCopyFile(C:\$WINDOWS.~BT\Sources\Boot\EFI\bootmgfw.efi, \\?\GLOBALROOT\Device\HarddiskVolume7\EFI\Microsoft\Boot\bootmgfw.efi) failed! (Attempt 1 of 60) Last Error = 0x3[gle=0x00000003]
2026-02-19 10:37:17, Error                 SP         BFSVC: BfspCopyFile(C:\$WINDOWS.~BT\Sources\Boot\EFI\bootmgfw.efi, \\?\GLOBALROOT\Device\HarddiskVolume7\EFI\Microsoft\Boot\bootmgfw.efi) failed! (Attempt 2 of 60) Last Error = 0x3[gle=0x00000003]
2026-02-19 10:37:18, Error                 SP         BFSVC: BfspCopyFile(C:\$WINDOWS.~BT\Sources\Boot\EFI\bootmgfw.efi, \\?\GLOBALROOT\Device\HarddiskVolume7\EFI\Microsoft\Boot\bootmgfw.efi) failed! (Attempt 3 of 60) Last Error = 0x3[gle=0x00000003]
2026-02-19 10:37:18, Error                 SP         BFSVC: BfspCopyFile(C:\$WINDOWS.~BT\Sources\Boot\EFI\bootmgfw.efi, \\?\GLOBALROOT\Device\HarddiskVolume7\EFI\Microsoft\Boot\bootmgfw.efi) failed! (Attempt 4 of 60) Last Error = 0x3[gle=0x00000003]
2026-02-19 10:37:18, Error                 SP         BFSVC: BfspCopyFile(C:\$WINDOWS.~BT\Sources\Boot\EFI\bootmgfw.efi, \\?\GLOBALROOT\Device\HarddiskVolume7\EFI\Microsoft\Boot\bootmgfw.efi) failed! (Attempt 5 of 60) Last Error = 0x3[gle=0x00000003]
2026-02-19 10:37:18, Error                 SP         BFSVC: BfspCopyFile(C:\$WINDOWS.~BT\Sources\Boot\EFI\bootmgfw.efi, \\?\GLOBALROOT\Device\HarddiskVolume7\EFI\Microsoft\Boot\bootmgfw.efi) failed! (Attempt 6 of 60) Last Error = 0x3[gle=0x00000003]
2026-02-19 10:37:18, Error                 SP         BFSVC: BfspCopyFile(C:\$WINDOWS.~BT\Sources\Boot\EFI\bootmgfw.efi, \\?\GLOBALROOT\Device\HarddiskVolume7\EFI\Microsoft\Boot\bootmgfw.efi) failed! (Attempt 7 of 60) Last Error = 0x3[gle=0x00000003]
2026-02-19 10:37:18, Error                 SP         BFSVC: BfspCopyFile(C:\$WINDOWS.~BT\Sources\Boot\EFI\bootmgfw.efi, \\?\GLOBALROOT\Device\HarddiskVolume7\EFI\Microsoft\Boot\bootmgfw.efi) failed! (Attempt 8 of 60) Last Error = 0x3[gle=0x00000003]
2026-02-19 10:37:18, Error                 SP         BFSVC: BfspCopyFile(C:\$WINDOWS.~BT\Sources\Boot\EFI\bootmgfw.efi, \\?\GLOBALROOT\Device\HarddiskVolume7\EFI\Microsoft\Boot\bootmgfw.efi) failed! (Attempt 9 of 60) Last Error = 0x3[gle=0x00000003]
2026-02-19 10:37:18, Error                 SP         BFSVC: BfspCopyFile(C:\$WINDOWS.~BT\Sources\Boot\EFI\bootmgfw.efi, \\?\GLOBALROOT\Device\HarddiskVolume7\EFI\Microsoft\Boot\bootmgfw.efi) failed! (Attempt 10 of 60) Last Error = 0x3[gle=0x00000003]
2026-02-19 10:37:18, Error                 SP         BFSVC: BfspCopyFile(C:\$WINDOWS.~BT\Sources\Boot\EFI\bootmgfw.efi, \\?\GLOBALROOT\Device\HarddiskVolume7\EFI\Microsoft\Boot\bootmgfw.efi) failed! (Attempt 11 of 60) Last Error = 0x3[gle=0x00000003]
2026-02-19 10:37:18, Error                 SP         BFSVC: BfspCopyFile(C:\$WINDOWS.~BT\Sources\Boot\EFI\bootmgfw.efi, \\?\GLOBALROOT\Device\HarddiskVolume7\EFI\Microsoft\Boot\bootmgfw.efi) failed! (Attempt 12 of 60) Last Error = 0x3[gle=0x00000003]
2026-02-19 10:37:18, Error                 SP         BFSVC: BfspCopyFile(C:\$WINDOWS.~BT\Sources\Boot\EFI\bootmgfw.efi, \\?\GLOBALROOT\Device\HarddiskVolume7\EFI\Microsoft\Boot\bootmgfw.efi) failed! (Attempt 13 of 60) Last Error = 0x3[gle=0x00000003]
2026-02-19 10:37:18, Error                 SP         BFSVC: BfspCopyFile(C:\$WINDOWS.~BT\Sources\Boot\EFI\bootmgfw.efi, \\?\GLOBALROOT\Device\HarddiskVolume7\EFI\Microsoft\Boot\bootmgfw.efi) failed! (Attempt 14 of 60) Last Error = 0x3[gle=0x00000003]
2026-02-19 10:37:19, Error                 SP         BFSVC: BfspCopyFile(C:\$WINDOWS.~BT\Sources\Boot\EFI\bootmgfw.efi, \\?\GLOBALROOT\Device\HarddiskVolume7\EFI\Microsoft\Boot\bootmgfw.efi) failed! (Attempt 15 of 60) Last Error = 0x3[gle=0x00000003]
2026-02-19 10:37:19, Error                 SP         BFSVC: BfspCopyFile(C:\$WINDOWS.~BT\Sources\Boot\EFI\bootmgfw.efi, \\?\GLOBALROOT\Device\HarddiskVolume7\EFI\Microsoft\Boot\bootmgfw.efi) failed! (Attempt 16 of 60) Last Error = 0x3[gle=0x00000003]
2026-02-19 10:37:19, Error                 SP         BFSVC: BfspCopyFile(C:\$WINDOWS.~BT\Sources\Boot\EFI\bootmgfw.efi, \\?\GLOBALROOT\Device\HarddiskVolume7\EFI\Microsoft\Boot\bootmgfw.efi) failed! (Attempt 17 of 60) Last Error = 0x3[gle=0x00000003]
2026-02-19 10:37:19, Error                 SP         BFSVC: BfspCopyFile(C:\$WINDOWS.~BT\Sources\Boot\EFI\bootmgfw.efi, \\?\GLOBALROOT\Device\HarddiskVolume7\EFI\Microsoft\Boot\bootmgfw.efi) failed! (Attempt 18 of 60) Last Error = 0x3[gle=0x00000003]
2026-02-19 10:37:19, Error                 SP         BFSVC: BfspCopyFile(C:\$WINDOWS.~BT\Sources\Boot\EFI\bootmgfw.efi, \\?\GLOBALROOT\Device\HarddiskVolume7\EFI\Microsoft\Boot\bootmgfw.efi) failed! (Attempt 19 of 60) Last Error = 0x3[gle=0x00000003]
2026-02-19 10:37:19, Error                 SP         BFSVC: BfspCopyFile(C:\$WINDOWS.~BT\Sources\Boot\EFI\bootmgfw.efi, \\?\GLOBALROOT\Device\HarddiskVolume7\EFI\Microsoft\Boot\bootmgfw.efi) failed! (Attempt 20 of 60) Last Error = 0x3[gle=0x00000003]
2026-02-19 10:37:19, Error                 SP         BFSVC: BfspCopyFile(C:\$WINDOWS.~BT\Sources\Boot\EFI\bootmgfw.efi, \\?\GLOBALROOT\Device\HarddiskVolume7\EFI\Microsoft\Boot\bootmgfw.efi) failed! (Attempt 21 of 60) Last Error = 0x3[gle=0x00000003]
2026-02-19 10:37:19, Error                 SP         BFSVC: BfspCopyFile(C:\$WINDOWS.~BT\Sources\Boot\EFI\bootmgfw.efi, \\?\GLOBALROOT\Device\HarddiskVolume7\EFI\Microsoft\Boot\bootmgfw.efi) failed! (Attempt 22 of 60) Last Error = 0x3[gle=0x00000003]
2026-02-19 10:37:20, Error                 SP         BFSVC: BfspCopyFile(C:\$WINDOWS.~BT\Sources\Boot\EFI\bootmgfw.efi, \\?\GLOBALROOT\Device\HarddiskVolume7\EFI\Microsoft\Boot\bootmgfw.efi) failed! (Attempt 23 of 60) Last Error = 0x3[gle=0x00000003]
2026-02-19 10:37:20, Error                 SP         BFSVC: BfspCopyFile(C:\$WINDOWS.~BT\Sources\Boot\EFI\bootmgfw.efi, \\?\GLOBALROOT\Device\HarddiskVolume7\EFI\Microsoft\Boot\bootmgfw.efi) failed! (Attempt 24 of 60) Last Error = 0x3[gle=0x00000003]
2026-02-19 10:37:20, Error                 SP         BFSVC: BfspCopyFile(C:\$WINDOWS.~BT\Sources\Boot\EFI\bootmgfw.efi, \\?\GLOBALROOT\Device\HarddiskVolume7\EFI\Microsoft\Boot\bootmgfw.efi) failed! (Attempt 25 of 60) Last Error = 0x3[gle=0x00000003]
2026-02-19 10:37:20, Error                 SP         BFSVC: BfspCopyFile(C:\$WINDOWS.~BT\Sources\Boot\EFI\bootmgfw.efi, \\?\GLOBALROOT\Device\HarddiskVolume7\EFI\Microsoft\Boot\bootmgfw.efi) failed! (Attempt 26 of 60) Last Error = 0x3[gle=0x00000003]
2026-02-19 10:37:21, Error                 SP         BFSVC: BfspCopyFile(C:\$WINDOWS.~BT\Sources\Boot\EFI\bootmgfw.efi, \\?\GLOBALROOT\Device\HarddiskVolume7\EFI\Microsoft\Boot\bootmgfw.efi) failed! (Attempt 27 of 60) Last Error = 0x3[gle=0x00000003]
2026-02-19 10:37:21, Error                 SP         BFSVC: BfspCopyFile(C:\$WINDOWS.~BT\Sources\Boot\EFI\bootmgfw.efi, \\?\GLOBALROOT\Device\HarddiskVolume7\EFI\Microsoft\Boot\bootmgfw.efi) failed! (Attempt 28 of 60) Last Error = 0x3[gle=0x00000003]
2026-02-19 10:37:21, Error                 SP         BFSVC: BfspCopyFile(C:\$WINDOWS.~BT\Sources\Boot\EFI\bootmgfw.efi, \\?\GLOBALROOT\Device\HarddiskVolume7\EFI\Microsoft\Boot\bootmgfw.efi) failed! (Attempt 29 of 60) Last Error = 0x3[gle=0x00000003]
2026-02-19 10:37:21, Error                 SP         BFSVC: BfspCopyFile(C:\$WINDOWS.~BT\Sources\Boot\EFI\bootmgfw.efi, \\?\GLOBALROOT\Device\HarddiskVolume7\EFI\Microsoft\Boot\bootmgfw.efi) failed! (Attempt 30 of 60) Last Error = 0x3[gle=0x00000003]
2026-02-19 10:37:22, Error                 SP         BFSVC: BfspCopyFile(C:\$WINDOWS.~BT\Sources\Boot\EFI\bootmgfw.efi, \\?\GLOBALROOT\Device\HarddiskVolume7\EFI\Microsoft\Boot\bootmgfw.efi) failed! (Attempt 31 of 60) Last Error = 0x3[gle=0x00000003]
2026-02-19 10:37:22, Error                 SP         BFSVC: BfspCopyFile(C:\$WINDOWS.~BT\Sources\Boot\EFI\bootmgfw.efi, \\?\GLOBALROOT\Device\HarddiskVolume7\EFI\Microsoft\Boot\bootmgfw.efi) failed! (Attempt 32 of 60) Last Error = 0x3[gle=0x00000003]
2026-02-19 10:37:22, Error                 SP         BFSVC: BfspCopyFile(C:\$WINDOWS.~BT\Sources\Boot\EFI\bootmgfw.efi, \\?\GLOBALROOT\Device\HarddiskVolume7\EFI\Microsoft\Boot\bootmgfw.efi) failed! (Attempt 33 of 60) Last Error = 0x3[gle=0x00000003]
2026-02-19 10:37:23, Error                 SP         BFSVC: BfspCopyFile(C:\$WINDOWS.~BT\Sources\Boot\EFI\bootmgfw.efi, \\?\GLOBALROOT\Device\HarddiskVolume7\EFI\Microsoft\Boot\bootmgfw.efi) failed! (Attempt 34 of 60) Last Error = 0x3[gle=0x00000003]
2026-02-19 10:37:23, Error                 SP         BFSVC: BfspCopyFile(C:\$WINDOWS.~BT\Sources\Boot\EFI\bootmgfw.efi, \\?\GLOBALROOT\Device\HarddiskVolume7\EFI\Microsoft\Boot\bootmgfw.efi) failed! (Attempt 35 of 60) Last Error = 0x3[gle=0x00000003]
2026-02-19 10:37:24, Error                 SP         BFSVC: BfspCopyFile(C:\$WINDOWS.~BT\Sources\Boot\EFI\bootmgfw.efi, \\?\GLOBALROOT\Device\HarddiskVolume7\EFI\Microsoft\Boot\bootmgfw.efi) failed! (Attempt 36 of 60) Last Error = 0x3[gle=0x00000003]
2026-02-19 10:37:24, Error                 SP         BFSVC: BfspCopyFile(C:\$WINDOWS.~BT\Sources\Boot\EFI\bootmgfw.efi, \\?\GLOBALROOT\Device\HarddiskVolume7\EFI\Microsoft\Boot\bootmgfw.efi) failed! (Attempt 37 of 60) Last Error = 0x3[gle=0x00000003]
2026-02-19 10:37:24, Error                 SP         BFSVC: BfspCopyFile(C:\$WINDOWS.~BT\Sources\Boot\EFI\bootmgfw.efi, \\?\GLOBALROOT\Device\HarddiskVolume7\EFI\Microsoft\Boot\bootmgfw.efi) failed! (Attempt 38 of 60) Last Error = 0x3[gle=0x00000003]
2026-02-19 10:37:25, Error                 SP         BFSVC: BfspCopyFile(C:\$WINDOWS.~BT\Sources\Boot\EFI\bootmgfw.efi, \\?\GLOBALROOT\Device\HarddiskVolume7\EFI\Microsoft\Boot\bootmgfw.efi) failed! (Attempt 39 of 60) Last Error = 0x3[gle=0x00000003]
2026-02-19 10:37:25, Error                 SP         BFSVC: BfspCopyFile(C:\$WINDOWS.~BT\Sources\Boot\EFI\bootmgfw.efi, \\?\GLOBALROOT\Device\HarddiskVolume7\EFI\Microsoft\Boot\bootmgfw.efi) failed! (Attempt 40 of 60) Last Error = 0x3[gle=0x00000003]
2026-02-19 10:37:26, Error                 SP         BFSVC: BfspCopyFile(C:\$WINDOWS.~BT\Sources\Boot\EFI\bootmgfw.efi, \\?\GLOBALROOT\Device\HarddiskVolume7\EFI\Microsoft\Boot\bootmgfw.efi) failed! (Attempt 41 of 60) Last Error = 0x3[gle=0x00000003]
2026-02-19 10:37:27, Error                 SP         BFSVC: BfspCopyFile(C:\$WINDOWS.~BT\Sources\Boot\EFI\bootmgfw.efi, \\?\GLOBALROOT\Device\HarddiskVolume7\EFI\Microsoft\Boot\bootmgfw.efi) failed! (Attempt 42 of 60) Last Error = 0x3[gle=0x00000003]
2026-02-19 10:37:28, Error                 SP         BFSVC: BfspCopyFile(C:\$WINDOWS.~BT\Sources\Boot\EFI\bootmgfw.efi, \\?\GLOBALROOT\Device\HarddiskVolume7\EFI\Microsoft\Boot\bootmgfw.efi) failed! (Attempt 43 of 60) Last Error = 0x3[gle=0x00000003]
2026-02-19 10:37:29, Error                 SP         BFSVC: BfspCopyFile(C:\$WINDOWS.~BT\Sources\Boot\EFI\bootmgfw.efi, \\?\GLOBALROOT\Device\HarddiskVolume7\EFI\Microsoft\Boot\bootmgfw.efi) failed! (Attempt 44 of 60) Last Error = 0x3[gle=0x00000003]
2026-02-19 10:37:29, Error                 SP         BFSVC: BfspCopyFile(C:\$WINDOWS.~BT\Sources\Boot\EFI\bootmgfw.efi, \\?\GLOBALROOT\Device\HarddiskVolume7\EFI\Microsoft\Boot\bootmgfw.efi) failed! (Attempt 45 of 60) Last Error = 0x3[gle=0x00000003]
2026-02-19 10:37:30, Error                 SP         BFSVC: BfspCopyFile(C:\$WINDOWS.~BT\Sources\Boot\EFI\bootmgfw.efi, \\?\GLOBALROOT\Device\HarddiskVolume7\EFI\Microsoft\Boot\bootmgfw.efi) failed! (Attempt 46 of 60) Last Error = 0x3[gle=0x00000003]
2026-02-19 10:37:31, Error                 SP         BFSVC: BfspCopyFile(C:\$WINDOWS.~BT\Sources\Boot\EFI\bootmgfw.efi, \\?\GLOBALROOT\Device\HarddiskVolume7\EFI\Microsoft\Boot\bootmgfw.efi) failed! (Attempt 47 of 60) Last Error = 0x3[gle=0x00000003]
2026-02-19 10:37:32, Error                 SP         BFSVC: BfspCopyFile(C:\$WINDOWS.~BT\Sources\Boot\EFI\bootmgfw.efi, \\?\GLOBALROOT\Device\HarddiskVolume7\EFI\Microsoft\Boot\bootmgfw.efi) failed! (Attempt 48 of 60) Last Error = 0x3[gle=0x00000003]
2026-02-19 10:37:33, Error                 SP         BFSVC: BfspCopyFile(C:\$WINDOWS.~BT\Sources\Boot\EFI\bootmgfw.efi, \\?\GLOBALROOT\Device\HarddiskVolume7\EFI\Microsoft\Boot\bootmgfw.efi) failed! (Attempt 49 of 60) Last Error = 0x3[gle=0x00000003]
2026-02-19 10:37:33, Error                 SP         BFSVC: BfspCopyFile(C:\$WINDOWS.~BT\Sources\Boot\EFI\bootmgfw.efi, \\?\GLOBALROOT\Device\HarddiskVolume7\EFI\Microsoft\Boot\bootmgfw.efi) failed! (Attempt 50 of 60) Last Error = 0x3[gle=0x00000003]
2026-02-19 10:37:35, Error                 SP         BFSVC: BfspCopyFile(C:\$WINDOWS.~BT\Sources\Boot\EFI\bootmgfw.efi, \\?\GLOBALROOT\Device\HarddiskVolume7\EFI\Microsoft\Boot\bootmgfw.efi) failed! (Attempt 51 of 60) Last Error = 0x3[gle=0x00000003]
2026-02-19 10:37:37, Error                 SP         BFSVC: BfspCopyFile(C:\$WINDOWS.~BT\Sources\Boot\EFI\bootmgfw.efi, \\?\GLOBALROOT\Device\HarddiskVolume7\EFI\Microsoft\Boot\bootmgfw.efi) failed! (Attempt 52 of 60) Last Error = 0x3[gle=0x00000003]
2026-02-19 10:37:38, Error                 SP         BFSVC: BfspCopyFile(C:\$WINDOWS.~BT\Sources\Boot\EFI\bootmgfw.efi, \\?\GLOBALROOT\Device\HarddiskVolume7\EFI\Microsoft\Boot\bootmgfw.efi) failed! (Attempt 53 of 60) Last Error = 0x3[gle=0x00000003]
2026-02-19 10:37:40, Error                 SP         BFSVC: BfspCopyFile(C:\$WINDOWS.~BT\Sources\Boot\EFI\bootmgfw.efi, \\?\GLOBALROOT\Device\HarddiskVolume7\EFI\Microsoft\Boot\bootmgfw.efi) failed! (Attempt 54 of 60) Last Error = 0x3[gle=0x00000003]
2026-02-19 10:37:41, Error                 SP         BFSVC: BfspCopyFile(C:\$WINDOWS.~BT\Sources\Boot\EFI\bootmgfw.efi, \\?\GLOBALROOT\Device\HarddiskVolume7\EFI\Microsoft\Boot\bootmgfw.efi) failed! (Attempt 55 of 60) Last Error = 0x3[gle=0x00000003]
2026-02-19 10:37:43, Error                 SP         BFSVC: BfspCopyFile(C:\$WINDOWS.~BT\Sources\Boot\EFI\bootmgfw.efi, \\?\GLOBALROOT\Device\HarddiskVolume7\EFI\Microsoft\Boot\bootmgfw.efi) failed! (Attempt 56 of 60) Last Error = 0x3[gle=0x00000003]
2026-02-19 10:37:45, Error                 SP         BFSVC: BfspCopyFile(C:\$WINDOWS.~BT\Sources\Boot\EFI\bootmgfw.efi, \\?\GLOBALROOT\Device\HarddiskVolume7\EFI\Microsoft\Boot\bootmgfw.efi) failed! (Attempt 57 of 60) Last Error = 0x3[gle=0x00000003]
2026-02-19 10:37:46, Error                 SP         BFSVC: BfspCopyFile(C:\$WINDOWS.~BT\Sources\Boot\EFI\bootmgfw.efi, \\?\GLOBALROOT\Device\HarddiskVolume7\EFI\Microsoft\Boot\bootmgfw.efi) failed! (Attempt 58 of 60) Last Error = 0x3[gle=0x00000003]
2026-02-19 10:37:48, Error                 SP         BFSVC: BfspCopyFile(C:\$WINDOWS.~BT\Sources\Boot\EFI\bootmgfw.efi, \\?\GLOBALROOT\Device\HarddiskVolume7\EFI\Microsoft\Boot\bootmgfw.efi) failed! (Attempt 59 of 60) Last Error = 0x3[gle=0x00000003]
2026-02-19 10:37:50, Error                 SP         BFSVC: BfspCopyFile(C:\$WINDOWS.~BT\Sources\Boot\EFI\bootmgfw.efi, \\?\GLOBALROOT\Device\HarddiskVolume7\EFI\Microsoft\Boot\bootmgfw.efi) failed! (Attempt 60 of 60) Last Error = 0x3[gle=0x00000003]
2026-02-19 10:37:50, Error                 IBSLIB     BCD: Failed to add system store from file. File: \Device\HarddiskVolume7\EFI\Microsoft\Boot\BCD Status: c000000f[gle=0x00000002]
2026-02-19 10:37:50, Error                 SP         BFSVC: AddBootmgrLast and PreserveBootOrder options are ignored when custom volume is specified
2026-02-19 10:37:51, Error                 SP         BFSVC: AddBootmgrLast and PreserveBootOrder options are ignored when custom volume is specified
2026-02-19 10:37:51, Error                        Service DiagTrack is not available
2026-02-19 10:38:57, Error                            [SetupPlatform.exe] System disks found
2026-02-19 10:38:57, Error                            [SetupPlatform.exe] SetFirmwareEnvironmentVariableW() error = 0x5
2026-02-19 10:40:38, Error                        [setup.exe] System disks found
2026-02-19 10:40:38, Error                        [setup.exe] SetFirmwareEnvironmentVariableW() error = 0x5
2026-02-19 10:41:37, Error                 SP     SPRestoreBootTimeout: Failed to read the boot manager timeout from file: C:\$WINDOWS.~BT\Sources\SetupPlatform.ini. Error: 0x80070002[gle=0x00000002]
2026-02-19 10:41:37, Error                        SppDeleteSnapshots failed. hr = 0x800401f0
2026-02-19 10:41:49, Error                 MOUPG  CSetupManager::GetWuIdFromRegistry(13192): Result = 0x80070002[gle=0x00000003]
