2026-02-19 10:38:42, Info                         [windeploy.exe] ------------------------------------------------
2026-02-19 10:38:42, Info                         [windeploy.exe] WinDeploy.exe launched with command-line []...
2026-02-19 10:38:42, Info                         [windeploy.exe] LogBootDeviceInfo:The firmware boot device ARC path is [multi(0)disk(0)rdisk(1)partition(1)] and NT path is [\Device\Harddisk0\Partition1].
2026-02-19 10:38:42, Info                         [windeploy.exe] LogBootDeviceInfo:The system boot device ARC path is [multi(0)disk(0)rdisk(1)partition(3)] and NT path is [\Device\Harddisk0\Partition3].
2026-02-19 10:38:42, Info                         [windeploy.exe] Waiting for essential OOBE services to start...
2026-02-19 10:38:42, Info                         [windeploy.exe] Essential OOBE services started successfully.
2026-02-19 10:38:42, Info                         [windeploy.exe] Windeploy: Executing PreSysprep commands
2026-02-19 10:38:42, Info                         [windeploy.exe] FbeExecuteExtensions: Launching process(es) in inclusive mode
2026-02-19 10:38:42, Info                         [windeploy.exe] ExecuteCommandFromValue: Executing command line: C:\$WINDOWS.~BT\Sources\SetupPlatform.exe /presysprep
2026-02-19 10:38:57, Info                         [windeploy.exe] ExecuteCommandFromValue: Command line execution succeeded; exit code [0]
2026-02-19 10:38:57, Info                         [windeploy.exe] FbeExecuteExtensions: Processed 1 extension(s)
2026-02-19 10:38:57, Info                         [windeploy.exe] Found generalization state [0x4], setup.exe completion flag [False] --> launching setup.exe.
2026-02-19 10:38:57, Info                         [windeploy.exe] Windeploy: Running default setup.
2026-02-19 10:38:57, Info                         [windeploy.exe] Launching [C:\WINDOWS\system32\oobe\setup.exe]...
2026-02-19 10:38:59, Info                         [svchost.exe] Enter WinReIsWimBootEnabled
2026-02-19 10:38:59, Info                         [svchost.exe] Parameters: pszWinDir: NULL
2026-02-19 10:38:59, Info                         [svchost.exe] Exit WinReIsWimBootEnabled returns 0 with last error: 0x2
2026-02-19 10:40:46, Info                         [SETUPUGC.EXE] SetupUGC launched with command line [specialize]
2026-02-19 10:40:46, Info                         [SETUPUGC.EXE] SetupUGC running to process unattend settings for pass [specialize]
2026-02-19 10:40:46, Info                         [SETUPUGC.EXE] Processing any RunSynchronous setting...
2026-02-19 10:40:46, Info                         [SETUPUGC.EXE] Running commands is not yet in progress
2026-02-19 10:40:46, Info       [0x090008] PANTHR CBlackboard::Open: C:\WINDOWS\panther\commandexec\CommandExec succeeded.
2026-02-19 10:40:46, Info                         [SETUPUGC.EXE] Found run command in registry: credentials = { domain is not specified, username is not specified, password info not logged }
2026-02-19 10:40:46, Info                         [SETUPUGC.EXE] Found run command in registry: will continue execution without examining exit code
2026-02-19 10:40:46, Info                         [SETUPUGC.EXE] Found run command in registry: path = [powershell.exe -WindowStyle "Hidden" -NoProfile -Command "$xml = [xml]::new(); $xml.Load('C:\Windows\Panther\unattend.xml'); $sb = [scriptblock]::Create( $xml.unattend.Extensions.ExtractScript ); Invoke-Command -ScriptBlock $sb -ArgumentList $xml;"]
2026-02-19 10:40:46, Info                         [SETUPUGC.EXE] Found RunSynchronous command: [powershell.exe -WindowStyle "Hidden" -NoProfile -Command "$xml = [xml]::new(); $xml.Load('C:\Windows\Panther\unattend.xml'); $sb = [scriptblock]::Create( $xml.unattend.Extensions.ExtractScript ); Invoke-Command -ScriptBlock $sb -ArgumentList $xml;"]
2026-02-19 10:40:46, Info                         [SETUPUGC.EXE] Found run command in registry: credentials = { domain is not specified, username is not specified, password info not logged }
2026-02-19 10:40:46, Info                         [SETUPUGC.EXE] Found run command in registry: will continue execution without examining exit code
2026-02-19 10:40:46, Info                         [SETUPUGC.EXE] Found run command in registry: path = [powershell.exe -WindowStyle "Hidden" -ExecutionPolicy "Unrestricted" -NoProfile -File "C:\Windows\Setup\Scripts\Specialize.ps1"]
2026-02-19 10:40:46, Info                         [SETUPUGC.EXE] Found RunSynchronous command: [powershell.exe -WindowStyle "Hidden" -ExecutionPolicy "Unrestricted" -NoProfile -File "C:\Windows\Setup\Scripts\Specialize.ps1"]
2026-02-19 10:40:46, Info                         [SETUPUGC.EXE] Found run command in registry: credentials = { domain is not specified, username is not specified, password info not logged }
2026-02-19 10:40:46, Info                         [SETUPUGC.EXE] Found run command in registry: will continue execution without examining exit code
2026-02-19 10:40:46, Info                         [SETUPUGC.EXE] Found run command in registry: path = [reg.exe load "HKU\DefaultUser" "C:\Users\Default\NTUSER.DAT"]
2026-02-19 10:40:46, Info                         [SETUPUGC.EXE] Found RunSynchronous command: [reg.exe load "HKU\DefaultUser" "C:\Users\Default\NTUSER.DAT"]
2026-02-19 10:40:46, Info                         [SETUPUGC.EXE] Found run command in registry: credentials = { domain is not specified, username is not specified, password info not logged }
2026-02-19 10:40:46, Info                         [SETUPUGC.EXE] Found run command in registry: will continue execution without examining exit code
2026-02-19 10:40:46, Info                         [SETUPUGC.EXE] Found run command in registry: path = [powershell.exe -WindowStyle "Hidden" -ExecutionPolicy "Unrestricted" -NoProfile -File "C:\Windows\Setup\Scripts\DefaultUser.ps1"]
2026-02-19 10:40:46, Info                         [SETUPUGC.EXE] Found RunSynchronous command: [powershell.exe -WindowStyle "Hidden" -ExecutionPolicy "Unrestricted" -NoProfile -File "C:\Windows\Setup\Scripts\DefaultUser.ps1"]
2026-02-19 10:40:46, Info                         [SETUPUGC.EXE] Found run command in registry: credentials = { domain is not specified, username is not specified, password info not logged }
2026-02-19 10:40:46, Info                         [SETUPUGC.EXE] Found run command in registry: will continue execution without examining exit code
2026-02-19 10:40:46, Info                         [SETUPUGC.EXE] Found run command in registry: path = [powershell.exe -ExecutionPolicy Bypass -WindowStyle Hidden -NoProfile -File "C:\Windows\Setup\Scripts\Specialize_Tweaks.ps1"]
2026-02-19 10:40:46, Info                         [SETUPUGC.EXE] Found RunSynchronous command: [powershell.exe -ExecutionPolicy Bypass -WindowStyle Hidden -NoProfile -File "C:\Windows\Setup\Scripts\Specialize_Tweaks.ps1"]
2026-02-19 10:40:46, Info                         [SETUPUGC.EXE] Found run command in registry: credentials = { domain is not specified, username is not specified, password info not logged }
2026-02-19 10:40:46, Info                         [SETUPUGC.EXE] Found run command in registry: will continue execution without examining exit code
2026-02-19 10:40:46, Info                         [SETUPUGC.EXE] Found run command in registry: path = [reg.exe unload "HKU\DefaultUser"]
2026-02-19 10:40:46, Info                         [SETUPUGC.EXE] Found RunSynchronous command: [reg.exe unload "HKU\DefaultUser"]
2026-02-19 10:40:58, Info                         [SETUPUGC.EXE] Finished executing [powershell.exe -WindowStyle "Hidden" -NoProfile -Command "$xml = [xml]::new(); $xml.Load('C:\Windows\Panther\unattend.xml'); $sb = [scriptblock]::Create( $xml.unattend.Extensions.ExtractScript ); Invoke-Command -ScriptBlock $sb -ArgumentList $xml;"] synchronously
2026-02-19 10:40:58, Info                         [SETUPUGC.EXE] Process returned with exit code 0x1
2026-02-19 10:40:58, Info                         [SETUPUGC.EXE] Finished executing [powershell.exe -WindowStyle "Hidden" -ExecutionPolicy "Unrestricted" -NoProfile -File "C:\Windows\Setup\Scripts\Specialize.ps1"] synchronously
2026-02-19 10:40:58, Info                         [SETUPUGC.EXE] Process returned with exit code 0xfffd0000
2026-02-19 10:40:59, Info                         [SETUPUGC.EXE] Finished executing [reg.exe load "HKU\DefaultUser" "C:\Users\Default\NTUSER.DAT"] synchronously
2026-02-19 10:40:59, Info                         [SETUPUGC.EXE] Process returned with exit code 0x0
2026-02-19 10:40:59, Info                         [SETUPUGC.EXE] Finished executing [powershell.exe -WindowStyle "Hidden" -ExecutionPolicy "Unrestricted" -NoProfile -File "C:\Windows\Setup\Scripts\DefaultUser.ps1"] synchronously
2026-02-19 10:40:59, Info                         [SETUPUGC.EXE] Process returned with exit code 0xfffd0000
2026-02-19 10:40:59, Info                         [SETUPUGC.EXE] Finished executing [powershell.exe -ExecutionPolicy Bypass -WindowStyle Hidden -NoProfile -File "C:\Windows\Setup\Scripts\Specialize_Tweaks.ps1"] synchronously
2026-02-19 10:40:59, Info                         [SETUPUGC.EXE] Process returned with exit code 0xfffd0000
2026-02-19 10:40:59, Info                         [SETUPUGC.EXE] Finished executing [reg.exe unload "HKU\DefaultUser"] synchronously
2026-02-19 10:40:59, Info                         [SETUPUGC.EXE] Process returned with exit code 0x0
2026-02-19 10:40:59, Info       [0x090009] PANTHR CBlackboard::Close: c:\windows\panther\commandexec\commandexec.
2026-02-19 10:40:59, Info                         [SETUPUGC.EXE] Processing any RunAsynchronous setting...
2026-02-19 10:40:59, Info                         [SETUPUGC.EXE] Running commands is not yet in progress
2026-02-19 10:40:59, Info       [0x090008] PANTHR CBlackboard::Open: C:\WINDOWS\panther\commandexec\CommandExec succeeded.
2026-02-19 10:40:59, Info       [0x090009] PANTHR CBlackboard::Close: c:\windows\panther\commandexec\commandexec.
2026-02-19 10:40:59, Info                         [SETUPUGC.EXE] Processing ExtendOSPartition setting (if present)...
2026-02-19 10:40:59, Info                         [SETUPUGC.EXE] SetupUGC returning with exit code [0]
2026-02-19 10:40:59, Info                         [Shell Unattend] Running 'specialize' pass
2026-02-19 10:40:59, Info                         [Shell Unattend] ComputerName set to SWR-PC 
2026-02-19 10:40:59, Info                         [Shell Unattend] ProductKey set 
2026-02-19 10:40:59, Info                         [Shell Unattend] TimeZone: Time zone set to 'Qyzylorda Standard Time' 
2026-02-19 10:40:59, Info                         [Shell Unattend] Exiting 'specialize' pass with status 0x002c1000
2026-02-19 10:41:00, Info                         [windeploy.exe] Process exited with exit code [0x0]
2026-02-19 10:41:00, Info                         [windeploy.exe] Found completion flag [True], reboot requested flag [True] --> rebooting computer before proceeding with deployment...
2026-02-19 10:41:00, Info                         [windeploy.exe] Windeploy: Executing PostSysprep commands
2026-02-19 10:41:00, Info                         [windeploy.exe] FbeExecuteExtensions: Launching process(es) in inclusive mode
2026-02-19 10:41:00, Info                         [windeploy.exe] ExecuteCommandFromValue: Executing command line: C:\$WINDOWS.~BT\Sources\SetupPlatform.exe /postsysprep
2026-02-19 10:41:00, Info                         [windeploy.exe] ExecuteCommandFromValue: Command line execution succeeded; exit code [0]
2026-02-19 10:41:00, Info                         [windeploy.exe] FbeExecuteExtensions: Processed 1 extension(s)
2026-02-19 10:41:01, Info                         [windeploy.exe] OrchestrateAreOnlyOOBEServicesRunning: Found a non-OOBE service AppIDSvc
2026-02-19 10:41:01, Info                         [windeploy.exe] OrchestrateDetermineComputerNameChange: Checking computer name change conditions:
2026-02-19 10:41:01, Info                         [windeploy.exe]   Did Setup change computer name? TRUE
2026-02-19 10:41:01, Info                         [windeploy.exe]   Could OOBE change computer name? FALSE
2026-02-19 10:41:01, Info                         [windeploy.exe] ShouldShutdownAfterSetup: Checking reboot conditions:
2026-02-19 10:41:01, Info                         [windeploy.exe]   Are only OOBE services running? FALSE
2026-02-19 10:41:01, Info                         [windeploy.exe]   Is there a computer name change? TRUE
2026-02-19 10:41:01, Info                         [windeploy.exe]   Was Winlogon reboot requested? TRUE
2026-02-19 10:41:01, Info                         [windeploy.exe]   Is Upgrade in progress? FALSE
2026-02-19 10:41:01, Info                         [windeploy.exe]   Is this Audit mode boot? FALSE
2026-02-19 10:41:01, Info                         [windeploy.exe] Reboot required after setup.exe and PostSysprep commands, before launching OOBE.
2026-02-19 10:41:01, Info                         [windeploy.exe] Making sure that SystemSetupInProgress is cleared.
2026-02-19 10:41:01, Info                         [windeploy.exe] An immediate reboot or shutdown was requested/required...
2026-02-19 10:41:01, Info                         [windeploy.exe] Refreshing the boot sequence.
2026-02-19 10:41:01, Info                         [windeploy.exe] Flushing registry to disk...
2026-02-19 10:41:01, Info                         [windeploy.exe] Flush took 0 ms.
2026-02-19 10:41:01, Info                         [windeploy.exe] WinDeploy.exe exiting with code [0x0]
2026-02-19 10:41:37, Info                         [windeploy.exe] ------------------------------------------------
2026-02-19 10:41:37, Info                         [windeploy.exe] WinDeploy.exe launched with command-line []...
2026-02-19 10:41:37, Info                         [windeploy.exe] LogBootDeviceInfo:The firmware boot device ARC path is [multi(0)disk(0)rdisk(0)partition(1)] and NT path is [\Device\Harddisk0\Partition1].
2026-02-19 10:41:37, Info                         [windeploy.exe] LogBootDeviceInfo:The system boot device ARC path is [multi(0)disk(0)rdisk(0)partition(3)] and NT path is [\Device\Harddisk0\Partition3].
2026-02-19 10:41:37, Info                         [windeploy.exe] Waiting for essential OOBE services to start...
2026-02-19 10:41:37, Info                         [windeploy.exe] Essential OOBE services started successfully.
2026-02-19 10:41:37, Info                         [windeploy.exe] Updating pass status for [specialize] to reflect reboot: 0x8 --> 0x9
2026-02-19 10:41:37, Info                         [windeploy.exe] Windeploy: Executing PreOOBE commands
2026-02-19 10:41:37, Info                         [windeploy.exe] FbeExecuteExtensions: Launching process(es) in inclusive mode
2026-02-19 10:41:37, Info                         [windeploy.exe] ExecuteCommandFromValue: Executing command line: C:\$WINDOWS.~BT\Sources\SetupPlatform.exe /preoobe
2026-02-19 10:41:39, Info                         [windeploy.exe] ExecuteCommandFromValue: Command line execution succeeded; exit code [0]
2026-02-19 10:41:39, Info                         [windeploy.exe] FbeExecuteExtensions: Processed 1 extension(s)
2026-02-19 10:41:39, Info                         [windeploy.exe] Publishing WNF notification to indicate uninstall is disabled
2026-02-19 10:41:39, Info                         [windeploy.exe] OrchestratePublishWnfUninstallDisabled: Publishing WNF event for disabling uninstall
2026-02-19 10:41:39, Info                         [windeploy.exe] Client OS detected.
2026-02-19 10:41:39, Info                         [windeploy.exe] Restoring system default power request before OOBE
2026-02-19 10:41:39, Info                         [windeploy.exe] Launching [C:\WINDOWS\system32\oobe\oobeldr.exe /system /quiet]...
2026-02-19 10:41:43, Info                         [oobeldr.exe] OOBELdr.exe launched with command-line [/system /quiet]...
2026-02-19 10:41:43, Info                         [oobeldr.exe] OrchestrateUpdateImageState: Updating image state from [IMAGE_STATE_SPECIALIZE_RESEAL_TO_OOBE] --> [IMAGE_STATE_UNDEPLOYABLE]
2026-02-19 10:41:43, Info                         [oobeldr.exe] Parsing command line arguments...
2026-02-19 10:41:43, Info                         [oobeldr.exe] Parsing the following command line: [/system /quiet]
2026-02-19 10:41:43, Info                         [oobeldr.exe] Status for unattend pass [oobeSystem] = 0x0
2026-02-19 10:41:43, Info                         [oobeldr.exe] UnattendSearchExplicitPath: Found unattend file at [C:\WINDOWS\Panther\unattend.xml]; examining for applicability.
2026-02-19 10:41:43, Info                         [oobeldr.exe] UnattendSearchExplicitPath: Found usable unattend file for pass [oobeSystem] at [C:\WINDOWS\Panther\unattend.xml].
2026-02-19 10:41:43, Info                         [oobeldr.exe] Running oobeSystem pass with discovered unattend file [C:\WINDOWS\Panther\unattend.xml]...
2026-02-19 10:41:43, Info                         [oobeldr.exe] Caching copy of unattend file: [C:\WINDOWS\Panther\unattend.xml] -- cached at --> [C:\WINDOWS\panther\unattend.xml]
2026-02-19 10:41:43, Info                         [oobeldr.exe] Source and destination paths are identical; skipping file copy.
2026-02-19 10:41:43, Info                         [oobeldr.exe] Cached unattend file, returned: [%windir%\panther\unattend.xml]
2026-02-19 10:41:43, Info                         [oobeldr.exe] Current pass status for [oobeSystem] is [0x0]
2026-02-19 10:41:43, Info                         [oobeldr.exe] Applying data-only settings overrides using SMI...
2026-02-19 10:41:43, Info                  CSI    00000001@2026/2/19:05:41:43.350 WcpInitialize: wcp.dll version 10.0.26100.7760 (WinBuild.160101.0800)
2026-02-19 10:41:43, Info                         [oobeldr.exe] Successfully applied data-only settings overrides.
2026-02-19 10:41:43, Info                         [oobeldr.exe] Calling into RunSMIActionPass to execute unattend GCs for pass [oobeSystem]
2026-02-19 10:41:43, Info                         [oobeldr.exe] [Action Queue] : GenerateActionQueue begin
2026-02-19 10:41:43, Info                         [oobeldr.exe] [Action Queue] : Processing pass = oobeSystem
2026-02-19 10:41:43, Info                         [oobeldr.exe] [Action Queue] : Generating queue file to C:\WINDOWS\panther\actionqueue\oobeSystem.uaq
2026-02-19 10:41:43, Info                         [oobeldr.exe] [Action Queue] : Identity 0: Microsoft-Windows-International-Core, Culture=neutral, Version=10.0.26100.2, PublicKeyToken=31bf3856ad364e35, ProcessorArchitecture=amd64, versionScope=NonSxS
2026-02-19 10:41:43, Info                         [oobeldr.exe] [Action Queue] : Identity 1: Microsoft-Windows-Shell-Setup, Culture=neutral, Version=10.0.26100.7378, PublicKeyToken=31bf3856ad364e35, ProcessorArchitecture=amd64, versionScope=NonSxS
2026-02-19 10:41:43, Info                         [oobeldr.exe] [Action Queue] : Using component order file C:\WINDOWS\winsxs\amd64_microsoft-windows-servicingstack_31bf3856ad364e35_10.0.26100.7760_none_a506dde5776412ce\GlobalInstallOrder.xml
2026-02-19 10:41:43, Info                  CSI    00000001@2026/2/19:05:41:43.418 WcpInitialize: wcp.dll version 10.0.26100.7760 (WinBuild.160101.0800)
2026-02-19 10:41:43, Info                         [oobeldr.exe] [Action Queue] : Found manifest file C:\WINDOWS\Winsxs\Manifests\amd64_microsoft-windows-international-core_31bf3856ad364e35_10.0.26100.2_none_e69e0ecf424d97e2.manifest
2026-02-19 10:41:43, Info                         [oobeldr.exe] [Action Queue] : Found manifest file C:\WINDOWS\Winsxs\Manifests\amd64_microsoft-windows-shell-setup_31bf3856ad364e35_10.0.26100.7378_none_6e2dd90299993da1.manifest
2026-02-19 10:41:43, Info                         [oobeldr.exe] [Action Queue] : GenerateActionQueue finish (hr = 0x0)
2026-02-19 10:41:43, Info                         [oobeldr.exe] [Action Queue] : ProcessActionQueue start
2026-02-19 10:41:43, Info                         [oobeldr.exe] [Action Queue] : ProcessActionQueue using queue file C:\WINDOWS\panther\actionqueue\oobeSystem.uaq
2026-02-19 10:41:43, Info                         [oobeldr.exe] [Action Queue] : Command Line = C:\WINDOWS\SYSTEM32\MUIUNATTEND.EXE / arguments =  / pass = oobeSystem / manifest path = C:\WINDOWS\Winsxs\Manifests\amd64_microsoft-windows-international-core_31bf3856ad364e35_10.0.26100.2_none_e69e0ecf424d97e2.manifest
2026-02-19 10:41:43, Info                         [oobeldr.exe] [Action Queue] : Command Line = C:\WINDOWS\SYSTEM32\RUNDLL32.EXE / arguments = shsetup.dll,SHUnattendedSetup / pass = oobeSystem / manifest path = C:\WINDOWS\Winsxs\Manifests\amd64_microsoft-windows-shell-setup_31bf3856ad364e35_10.0.26100.7378_none_6e2dd90299993da1.manifest
2026-02-19 10:41:43, Info                         [oobeldr.exe] [Action Queue] : Executing command "C:\WINDOWS\SYSTEM32\MUIUNATTEND.EXE"  oobeSystem
2026-02-19 10:41:43, Info                         [MUIUNATTEND.EXE] Starting MuiUnattend.exe GC
2026-02-19 10:41:43, Info                         [MUIUNATTEND.EXE] muiunattend is called with pass: oobeSystem
2026-02-19 10:41:43, Info                         [MUIUNATTEND.EXE] Found unattend setting "UILanguage" with value: "en-US".
2026-02-19 10:41:43, Info                         [MUIUNATTEND.EXE] Unattended setting "UILanguageFallback" could not be found. error:(2). Ignoring.
2026-02-19 10:41:43, Info                         [MUIUNATTEND.EXE] Found unattend setting "Systemlocale" with value: "en-US".
2026-02-19 10:41:43, Info                         [MUIUNATTEND.EXE] Found unattend setting "UserLocale" with value: "ru-KZ".
2026-02-19 10:41:43, Info                         [MUIUNATTEND.EXE] Found unattend setting "InputLocale" with value: "0409:00000409;0419:00000419".
2026-02-19 10:41:43, Info                         [MUIUNATTEND.EXE] Setting UILanguage setting.
2026-02-19 10:41:43, Info                         [MUIUNATTEND.EXE] Setting UILanguage setting to en-US succeded.
2026-02-19 10:41:43, Info                         [MUIUNATTEND.EXE] Setting system locale using unattended setting SystemLocale:"en-US".
2026-02-19 10:41:43, Info                         [MUIUNATTEND.EXE] Set system locale to "en-US" successfully.
2026-02-19 10:41:43, Info                         [MUIUNATTEND.EXE] Setting input locale using unattended setting InputLocale:"0409:00000409;0419:00000419" and apply the same setting to default user accont/system accounts/new user account.
2026-02-19 10:41:43, Info                         [MUIUNATTEND.EXE] Set input locale to "0409:00000409;0419:00000419" and apply the same setting to default user accont/system accounts/new user account successfully.
2026-02-19 10:41:43, Info                         [MUIUNATTEND.EXE] Setting user locale to using unattended setting UserLocale:"ru-KZ", and try apply the same settings to default user accont/system accounts/new user account.
2026-02-19 10:41:43, Info                         [MUIUNATTEND.EXE] Succeed in setting current user locale to "ru-KZ".
2026-02-19 10:41:43, Info                         [MUIUNATTEND.EXE] Succeed in setting location to 137.
2026-02-19 10:41:44, Info                         [MUIUNATTEND.EXE] Succeed in copying settings for current user locale "ru-KZ" to default user/system/new user accounts.
2026-02-19 10:41:44, Info                         [MUIUNATTEND.EXE] Set user locale to "ru-KZ" successfully and apply the same settings to default user acconts/system account/new user account.
2026-02-19 10:41:44, Info                         [MUIUNATTEND.EXE] Applying user settings to all user (non-system) accounts.
2026-02-19 10:41:44, Info                         [MUIUNATTEND.EXE] Applying settings to user (non-system) accounts succeeded.
2026-02-19 10:41:44, Info                         [MUIUNATTEND.EXE] Setting OOBE handshake information succeeded.
2026-02-19 10:41:44, Info                         [MUIUNATTEND.EXE] Exiting MuiUnattend.exe GC
2026-02-19 10:41:44, Info                         [oobeldr.exe] [Action Queue] : process exit code = 0
2026-02-19 10:41:44, Info                         [oobeldr.exe] [Action Queue] : Unattend action returned operation complete.
2026-02-19 10:41:44, Info                         [oobeldr.exe] [Action Queue] : Executing command "C:\WINDOWS\SYSTEM32\RUNDLL32.EXE" shsetup.dll,SHUnattendedSetup oobeSystem
2026-02-19 10:41:44, Info                         [Shell Unattend] Running 'oobeSystem' pass
2026-02-19 10:41:44, Info                         [Shell Unattend] LogonCommands: Set command 'powershell.exe -WindowStyle "Hidden" -ExecutionPolicy
                        "Unrestricted" -NoProfile -File "C:\Windows\Setup\Scripts\FirstLogon.ps1"' 
2026-02-19 10:41:44, Info                         [Shell Unattend] UserAccounts: created account 'SWR47'
2026-02-19 10:41:44, Info                         [Shell Unattend] UserAccounts: added 'SWR47' to group 'Users'
2026-02-19 10:41:44, Info                         [Shell Unattend] UserAccounts: Password set for 'SWR47' 
2026-02-19 10:41:44, Info                         [Shell Unattend] UserAccounts: added 'SWR47' to group 'Administrators'
2026-02-19 10:41:44, Info                         [Shell Unattend] AutoLogon Password saved
2026-02-19 10:41:44, Info                         [Shell Unattend] AutoLogon Domain is ''
2026-02-19 10:41:44, Info                         [Shell Unattend] WinLogon DefaultDomainName set to ''
2026-02-19 10:41:44, Info                         [Shell Unattend] AutoLogon Username is 'SWR47'
2026-02-19 10:41:44, Info                         [Shell Unattend] WinLogon DefaultUserName set to 'SWR47'
2026-02-19 10:41:44, Info                         [Shell Unattend] AutoLogon LogonCount = 1
2026-02-19 10:41:44, Info                         [Shell Unattend] WinLogon AutoLogonCount set
2026-02-19 10:41:44, Info                         [Shell Unattend] AutoLogon enabled
2026-02-19 10:41:44, Info                         [Shell Unattend] Exiting 'oobeSystem' pass with status 0x00000000
2026-02-19 10:41:44, Info                         [oobeldr.exe] [Action Queue] : process exit code = 0
2026-02-19 10:41:44, Info                         [oobeldr.exe] [Action Queue] : Unattend action returned operation complete.
2026-02-19 10:41:44, Info                         [oobeldr.exe] [Action Queue] : ProcessActionQueue finish (hr = 0x0)
2026-02-19 10:41:44, Info                         [oobeldr.exe] Successfully completed execution of GC queue
2026-02-19 10:41:44, Info                         [oobeldr.exe] Flushing registry to disk...
2026-02-19 10:41:44, Info                         [oobeldr.exe] Flush took 0 ms.
2026-02-19 10:41:44, Info                         [oobeldr.exe] Successfully completed RunSMIPass for oobeSystem.
2026-02-19 10:41:44, Info                         [oobeldr.exe] Successfully ran oobeSystem pass.
2026-02-19 10:41:44, Info                         [oobeldr.exe] Waiting for essential OOBE services to start...
2026-02-19 10:41:44, Info                         [oobeldr.exe] OrchestrateWaitForOOBEServices: Wait was already done; not waiting again
2026-02-19 10:41:44, Info                         [oobeldr.exe] Essential OOBE services started successfully.
2026-02-19 10:41:44, Info                         [oobeldr.exe] Launching [C:\WINDOWS\system32\oobe\msoobe.exe]...
2026-02-19 10:41:44, Info                         [msoobe.exe] ----------------------------------------------------------
2026-02-19 10:41:44, Info                         [msoobe.exe] Starting OOBE
2026-02-19 10:41:44, Info                         [msoobe.exe] Calculated OOBE STARTUP FLAGS: [0x00000020]
2026-02-19 10:41:44, Info                         [msoobe.exe] Beginning wait for service audiosrv (initial state SERVICE_START_PENDING, desired state SERVICE_RUNNING)
2026-02-19 10:41:44, Info                         [msoobe.exe] Service audiosrv successfully reports in state SERVICE_RUNNING
2026-02-19 10:41:44, Info                         [msoobe.exe] Successfully created first boot reg key
2026-02-19 10:41:44, Info                         [msoobe.exe] No previous OOBE Stats found in registry
2026-02-19 10:41:44, Info                         [msoobe.exe] Loading OOBE plugin ComputerName Plugin
2026-02-19 10:41:44, Info                         [msoobe.exe] Loading OOBE plugin End Plugin
2026-02-19 10:41:44, Info                         [msoobe.exe] Loading OOBE plugin Enterprise Provisioning Plugin
2026-02-19 10:41:44, Info                         [msoobe.exe] Plugin Enterprise Provisioning Plugin should not run
2026-02-19 10:41:44, Info                         [msoobe.exe] Loading OOBE plugin Eula Plugin
2026-02-19 10:41:44, Info                         [msoobe.exe] Posted cache change notification for setting EULAACCEPT.
2026-02-19 10:41:44, Info                         [msoobe.exe] Plugin Eula Plugin should not run
2026-02-19 10:41:44, Info                         [msoobe.exe] Loading OOBE plugin HidPairing Plugin
2026-02-19 10:41:44, Info                         [msoobe.exe] Loading OOBE plugin Language Plugin
2026-02-19 10:41:44, Info                         [msoobe.exe] Found [1] UI languages
2026-02-19 10:41:44, Info                         [msoobe.exe] Successfully added language English (United States)
2026-02-19 10:41:44, Info                         [msoobe.exe] Posted cache change notification for setting UI_SUPPORTED_LANGIDS.
2026-02-19 10:41:44, Info                         [msoobe.exe] Posted cache change notification for setting LANGUAGE.
2026-02-19 10:41:44, Info                         [msoobe.exe] Posted cache change notification for setting LANGISO639.
2026-02-19 10:41:44, Info                         [msoobe.exe] Loading OOBE plugin LocalUser Plugin
2026-02-19 10:41:44, Info                         [msoobe.exe] Plugin LocalUser Plugin should not run
2026-02-19 10:41:44, Info                         [msoobe.exe] Loading OOBE plugin Misc Plugin
2026-02-19 10:41:44, Info                         [msoobe.exe] Added IOOBEGlobalSettingsCacheListener Misc Plugin
2026-02-19 10:41:44, Info                         [msoobe.exe] Loading OOBE plugin OEMRegistration Plugin
2026-02-19 10:41:44, Info                         [msoobe.exe] OEM Machine Registration: Skipping - will be launched in User OOBE.
2026-02-19 10:41:44, Info                         [msoobe.exe] Plugin OEMRegistration Plugin should not run
2026-02-19 10:41:44, Info                         [msoobe.exe] Loading OOBE plugin PID Plugin
2026-02-19 10:41:44, Info                         [msoobe.exe] Added IOOBEGlobalSettingsCacheListener PID Plugin
2026-02-19 10:41:44, Info                         [msoobe.exe] Loading OOBE plugin ProtectPC Plugin
2026-02-19 10:41:44, Info                         [msoobe.exe] Loading OOBE plugin Region Plugin
2026-02-19 10:41:44, Info                         [msoobe.exe] Leaving empty keyboard list for non-LCID-backed locale (0x0C00)
2026-02-19 10:41:44, Info                         [msoobe.exe] Loading OOBE plugin RetailDemo Plugin
2026-02-19 10:41:44, Info                         [msoobe.exe] Loading OOBE plugin TimeDate Plugin
2026-02-19 10:41:44, Info                         [msoobe.exe] Added IOOBEGlobalSettingsCacheListener TimeDate Plugin
2026-02-19 10:41:44, Info                         [msoobe.exe] Loading OOBE plugin User OOBE Preparation Plugin
2026-02-19 10:41:44, Info                         [msoobe.exe] Added IOOBEGlobalSettingsCacheListener User OOBE Preparation Plugin
2026-02-19 10:41:44, Info                         [msoobe.exe] Loading OOBE plugin Wireless Plugin
2026-02-19 10:41:44, Info                         [msoobe.exe] Loading OOBE plugin ZDP Plugin
2026-02-19 10:41:44, Info                         [msoobe.exe] Added IOOBEGlobalSettingsCacheListener ZDP Plugin
2026-02-19 10:41:44, Info                         [msoobe.exe] Parsing oobe.xml files...
2026-02-19 10:41:44, Info                         [msoobe.exe] Failed to load oobe.xml file at C:\WINDOWS\system32\oobe\info\oobe.xml with hr=0x80070003
2026-02-19 10:41:44, Info                         [msoobe.exe] Failed to load oobe.xml file at C:\WINDOWS\system32\oobe\info\default\oobe.xml with hr=0x80070003
2026-02-19 10:41:44, Info                         [msoobe.exe] Failed to load oobe.xml file at C:\WINDOWS\system32\oobe\info\137\oobe.xml with hr=0x80070003
2026-02-19 10:41:44, Info                         [msoobe.exe] Failed to load oobe.xml file at C:\WINDOWS\system32\oobe\info\default\1033\oobe.xml with hr=0x80070003
2026-02-19 10:41:44, Info                         [msoobe.exe] Failed to load oobe.xml file at C:\WINDOWS\system32\oobe\info\137\1033\oobe.xml with hr=0x80070003
2026-02-19 10:41:44, Info                         [msoobe.exe] Successfully executed initial mandatory task for plugin HidPairing Plugin
2026-02-19 10:41:44, Info                         [msoobe.exe] Successfully executed initial mandatory task for plugin Wireless Plugin
2026-02-19 10:41:44, Info                         [msoobe.exe] Attempting to start asynchronous notify ui language change.
2026-02-19 10:41:44, Info                         [msoobe.exe] Successfully executed initial mandatory task for plugin Language Plugin
2026-02-19 10:41:44, Info                         [msoobe.exe] Processing cache change notification for setting EULAACCEPT.
2026-02-19 10:41:44, Info                         [msoobe.exe] Processing cache change notification for setting UI_SUPPORTED_LANGIDS.
2026-02-19 10:41:44, Info                         [msoobe.exe] Processing cache change notification for setting LANGUAGE.
2026-02-19 10:41:44, Info                         [msoobe.exe] Processing cache change notification for setting LANGISO639.
2026-02-19 10:41:44, Info                         [msoobe.exe] TASK: Begin running task NotifyUILanguageChange...
2026-02-19 10:41:44, Info                         [msoobe.exe] TASK: Begin running task SaveEnabledInputMethods...
2026-02-19 10:41:44, Info                         [msoobe.exe] Posted cache change notification for setting NOTIFYLANGUAGEDONE.
2026-02-19 10:41:44, Info                         [msoobe.exe] Processing cache change notification for setting NOTIFYLANGUAGEDONE.
2026-02-19 10:41:44, Info                         [msoobe.exe] Successfully verified and committed UI language settings
2026-02-19 10:41:45, Info                         [msoobe.exe] TASK: End successfully running task SaveEnabledInputMethods
2026-02-19 10:41:45, Info                         [msoobe.exe] Posted cache change notification for setting GLOBALIZATIONCOMMITTED.
2026-02-19 10:41:45, Info                         [msoobe.exe] Successfully executed initial mandatory task for plugin Region Plugin
2026-02-19 10:41:45, Info                         [msoobe.exe] Beginning wait for service wlidsvc (initial state SERVICE_START_PENDING, desired state SERVICE_START_PENDING)
2026-02-19 10:41:45, Info                         [msoobe.exe] Service wlidsvc successfully reports in state SERVICE_START_PENDING
2026-02-19 10:41:45, Info                         [msoobe.exe] TASK: Begin running task WaitForService...
2026-02-19 10:41:45, Info                         [msoobe.exe] Beginning wait for service w32time (initial state SERVICE_START_PENDING, desired state SERVICE_START_PENDING)
2026-02-19 10:41:45, Info                         [msoobe.exe] Service w32time successfully reports in state SERVICE_START_PENDING
2026-02-19 10:41:45, Info                         [msoobe.exe] Successfully signaled SCM event to start up services
2026-02-19 10:41:45, Info                         [msoobe.exe] Posted cache change notification for setting COMPUTERNAME.
2026-02-19 10:41:45, Info                         [msoobe.exe] Successfully executed initial mandatory task for plugin ComputerName Plugin
2026-02-19 10:41:45, Info                         [msoobe.exe] Posted cache change notification for setting ENTERINGUSEROOBE.
2026-02-19 10:41:45, Info                         [msoobe.exe] Successfully executed initial mandatory task for plugin User OOBE Preparation Plugin
2026-02-19 10:41:45, Info                         [msoobe.exe] Posted cache change notification for setting PRODUCTKEYSTATUS.
2026-02-19 10:41:45, Info                         [msoobe.exe] TASK: Begin running task PrepareUserOOBE...
2026-02-19 10:41:45, Info                         [msoobe.exe] Launched background PID install task from plugin's Initial Mandatory Tasks
2026-02-19 10:41:45, Info                         [msoobe.exe] Creating a new default account
2026-02-19 10:41:45, Info                         [msoobe.exe] Posted cache change notification for setting PRODUCTKEYSTATUS.
2026-02-19 10:41:45, Info                         [msoobe.exe] Successfully executed initial mandatory task for plugin PID Plugin
2026-02-19 10:41:45, Info                         [msoobe.exe] Posted cache change notification for setting UNATTENDPROTECTION.
2026-02-19 10:41:45, Info                         [msoobe.exe] TASK: Begin running task InstallPid...
2026-02-19 10:41:45, Info                         [msoobe.exe] ProtectPC Plugin - unattend value set 3
2026-02-19 10:41:45, Info                         [msoobe.exe] Successfully executed initial mandatory task for plugin ProtectPC Plugin
2026-02-19 10:41:45, Info                         [msoobe.exe] Posted cache change notification for setting TIMESYNCSTATUS.
2026-02-19 10:41:45, Info                         [msoobe.exe] Successfully executed initial mandatory task for plugin TimeDate Plugin
2026-02-19 10:41:45, Info                         [msoobe.exe] Successfully executed initial mandatory task for plugin RetailDemo Plugin
2026-02-19 10:41:45, Info                         [msoobe.exe] Successfully executed initial mandatory task for plugin ZDP Plugin
2026-02-19 10:41:45, Info                         [msoobe.exe] TASK: Begin running task RemoveRetailDemoDataTask...
2026-02-19 10:41:45, Info                         [msoobe.exe] Retail Demo mode is not enabled, removing demo accounts if they exist.
2026-02-19 10:41:45, Info                         [msoobe.exe] Successfully executed initial mandatory task for plugin Misc Plugin
2026-02-19 10:41:45, Info                         [msoobe.exe] ExecuteInitialMandatoryTasks not implemented for plugin End Plugin
2026-02-19 10:41:45, Info                         [msoobe.exe] TASK: Begin running task CreateDirectoryJunctions...
2026-02-19 10:41:45, Info                         [msoobe.exe] Creating directory junctions
2026-02-19 10:41:45, Info                         [msoobe.exe] Beginning wait for service netprofm (initial state SERVICE_START_PENDING, desired state SERVICE_RUNNING)
2026-02-19 10:41:45, Info                         [msoobe.exe] Successfully created wizard page End.
2026-02-19 10:41:45, Info                         [msoobe.exe] Unable to create wizard page EnterpriseProvisioning. Skipping page.
2026-02-19 10:41:45, Info                         [msoobe.exe] Unable to create wizard page EnterpriseProvisioningStatus. Skipping page.
2026-02-19 10:41:45, Info                         [msoobe.exe] Unable to create wizard page Eula. Skipping page.
2026-02-19 10:41:45, Info                         [msoobe.exe] Successfully created wizard page HidAccessoryPairing.
2026-02-19 10:41:45, Info                         [msoobe.exe] Successfully created wizard page HidKeyboardPairing.
2026-02-19 10:41:45, Info                         [msoobe.exe] Successfully created wizard page HidMousePairing.
2026-02-19 10:41:45, Info                         [msoobe.exe] Successfully created wizard page Localization.
2026-02-19 10:41:45, Info                         [msoobe.exe] Unable to create wizard page LocalUser. Skipping page.
2026-02-19 10:41:45, Info                         [msoobe.exe] Successfully created wizard page PID.
2026-02-19 10:41:45, Info                         [msoobe.exe] Successfully created wizard page Recovery.
2026-02-19 10:41:45, Info                         [msoobe.exe] Creating section Account.
2026-02-19 10:41:45, Info                         [msoobe.exe] Section Account: could not find page LocalUser. Moving on.
2026-02-19 10:41:45, Info                         [msoobe.exe] No pages were found for section Account.
2026-02-19 10:41:45, Info                         [msoobe.exe] Successfully created section Account.
2026-02-19 10:41:45, Info                         [msoobe.exe] Creating section End.
2026-02-19 10:41:45, Info                         [msoobe.exe] Section End: could not find page EnterpriseProvisioningStatus. Moving on.
2026-02-19 10:41:45, Info                         [msoobe.exe] Section End: successfully added page End
2026-02-19 10:41:45, Info                         [msoobe.exe] Successfully created section End.
2026-02-19 10:41:45, Info                         [msoobe.exe] Creating section Localization.
2026-02-19 10:41:45, Info                         [msoobe.exe] Section Localization: successfully added page Localization
2026-02-19 10:41:45, Info                         [msoobe.exe] Successfully created section Localization.
2026-02-19 10:41:45, Info                         [msoobe.exe] Creating section PreOOBE.
2026-02-19 10:41:45, Info                         [msoobe.exe] Section PreOOBE: successfully added page HidMousePairing
2026-02-19 10:41:45, Info                         [msoobe.exe] Section PreOOBE: successfully added page HidKeyboardPairing
2026-02-19 10:41:45, Info                         [msoobe.exe] Successfully created section PreOOBE.
2026-02-19 10:41:45, Info                         [msoobe.exe] Creating section Recovery.
2026-02-19 10:41:45, Info                         [msoobe.exe] Section Recovery: successfully added page Localization
2026-02-19 10:41:45, Info                         [msoobe.exe] Section Recovery: successfully added page Recovery
2026-02-19 10:41:45, Info                         [msoobe.exe] Successfully created section Recovery.
2026-02-19 10:41:45, Info                         [msoobe.exe] Creating section RecoveryEnd.
2026-02-19 10:41:45, Info                         [msoobe.exe] Section RecoveryEnd: successfully added page End
2026-02-19 10:41:45, Info                         [msoobe.exe] Successfully created section RecoveryEnd.
2026-02-19 10:41:45, Info                         [msoobe.exe] Creating section Registration.
2026-02-19 10:41:45, Info                         [msoobe.exe] Section Registration: could not find page EnterpriseProvisioning. Moving on.
2026-02-19 10:41:45, Info                         [msoobe.exe] Section Registration: successfully added page PID
2026-02-19 10:41:45, Info                         [msoobe.exe] Section Registration: could not find page Eula. Moving on.
2026-02-19 10:41:45, Info                         [msoobe.exe] Section Registration: successfully added page HidAccessoryPairing
2026-02-19 10:41:45, Info                         [msoobe.exe] Successfully created section Registration.
2026-02-19 10:41:45, Info                         [msoobe.exe] Creating section Server.
2026-02-19 10:41:45, Info                         [msoobe.exe] Section Server: successfully added page Localization
2026-02-19 10:41:45, Info                         [msoobe.exe] Section Server: successfully added page PID
2026-02-19 10:41:45, Info                         [msoobe.exe] Section Server: could not find page Eula. Moving on.
2026-02-19 10:41:45, Info                         [msoobe.exe] Section Server: could not find page LocalUser. Moving on.
2026-02-19 10:41:45, Info                         [msoobe.exe] Successfully created section Server.
2026-02-19 10:41:45, Info                         [msoobe.exe] Successfully added section PreOOBE to main flow.
2026-02-19 10:41:45, Info                         [msoobe.exe] Successfully added section Localization to main flow.
2026-02-19 10:41:45, Info                         [msoobe.exe] Successfully added section Registration to main flow.
2026-02-19 10:41:45, Info                         [msoobe.exe] Successfully added section Account to main flow.
2026-02-19 10:41:45, Info                         [msoobe.exe] Successfully added section End to main flow.
2026-02-19 10:41:45, Info                         [msoobe.exe] Display mode is set to 1024x768x32 [64Hz]
2026-02-19 10:41:45, Info                         [msoobe.exe] TASK: End successfully running task CreateDirectoryJunctions
2026-02-19 10:41:45, Info                         [msoobe.exe] Beginning wait for service Schedule (initial state SERVICE_START_PENDING, desired state SERVICE_RUNNING)
2026-02-19 10:41:45, Info                         [msoobe.exe] Beginning wait for service Themes (initial state SERVICE_START_PENDING, desired state SERVICE_RUNNING)
2026-02-19 10:41:45, Info                         [msoobe.exe] Not setting autologon for new local user. e.g. upgrade, domain-joined, or system-managed user.
2026-02-19 10:41:45, Info                         [msoobe.exe] Service profsvc is already running without invoking StartService()
2026-02-19 10:41:45, Info                         [msoobe.exe] Beginning wait for service profsvc (initial state SERVICE_RUNNING, desired state SERVICE_RUNNING)
2026-02-19 10:41:45, Info                         [msoobe.exe] Service profsvc successfully reports in state SERVICE_RUNNING
2026-02-19 10:41:45, Info                         [msoobe.exe] Successfully notified UI language change
2026-02-19 10:41:45, Info                         [msoobe.exe] Posted cache change notification for setting NOTIFYLANGUAGEDONE.
2026-02-19 10:41:45, Info                         [msoobe.exe] TASK: End successfully running task NotifyUILanguageChange
2026-02-19 10:41:45, Info                         [msoobe.exe] Service netprofm successfully reports in state SERVICE_RUNNING
2026-02-19 10:41:45, Info                         [msoobe.exe] TASK: End successfully running task WaitForService
2026-02-19 10:41:45, Info                         [msoobe.exe] Service Schedule successfully reports in state SERVICE_RUNNING
2026-02-19 10:41:45, Info                         [msoobe.exe] TASK: End successfully running task RemoveRetailDemoDataTask
2026-02-19 10:41:45, Info                         [msoobe.exe] Service Themes successfully reports in state SERVICE_RUNNING
2026-02-19 10:41:45, Info                         [msoobe.exe] Service Schedule is already running without invoking StartService()
2026-02-19 10:41:45, Info                         [msoobe.exe] Beginning wait for service Schedule (initial state SERVICE_RUNNING, desired state SERVICE_RUNNING)
2026-02-19 10:41:45, Info                         [msoobe.exe] Service Schedule successfully reports in state SERVICE_RUNNING
2026-02-19 10:41:45, Info                         [msoobe.exe] Running OOBE wizard...
2026-02-19 10:41:45, Info                         [msoobe.exe] Transferring unattend.xml autologon values
2026-02-19 10:41:45, Info                         [msoobe.exe] Default account: defaultuser0 is created successfully
2026-02-19 10:41:45, Info                         [msoobe.exe] TASK: End successfully running task PrepareUserOOBE
2026-02-19 10:41:46, Info                         [msoobe.exe] Adjusting margins for [landscape] at 1024x768 with scale factor 1.000000
2026-02-19 10:41:46, Info                         [msoobe.exe] Using layout options 0.
2026-02-19 10:41:46, Info                         [msoobe.exe] Skipping HID Pairing page because image paths were not found in oobe.xml
2026-02-19 10:41:46, Info                         [msoobe.exe] Skipping HID Keyboard page because 2nd (PIN) image path was not found in oobe.xml
2026-02-19 10:41:46, Info                         [svchost.exe] Enter WinReIsWimBootEnabled
2026-02-19 10:41:46, Info                         [svchost.exe] Parameters: pszWinDir: NULL
2026-02-19 10:41:46, Info                         [svchost.exe] Exit WinReIsWimBootEnabled returns 0 with last error: 0x2
2026-02-19 10:41:46, Info                         [msoobe.exe] SETACTIVE: wizard page for page End
2026-02-19 10:41:46, Info                         [msoobe.exe] AbortZDP(0) invoked
2026-02-19 10:41:46, Info                         [msoobe.exe] Adjusting margins for [landscape] at 1024x768 with scale factor 1.000000
2026-02-19 10:41:46, Info                         [msoobe.exe] Using layout options 1.
2026-02-19 10:41:46, Info                         [msoobe.exe] Running utilman.exe
2026-02-19 10:41:46, Info                         [msoobe.exe] Processing cache change notification for setting GLOBALIZATIONCOMMITTED.
2026-02-19 10:41:46, Info                         [msoobe.exe] Processing cache change notification for setting COMPUTERNAME.
2026-02-19 10:41:46, Info                         [msoobe.exe] TASK: Begin running task WindowsRecoveryEnvironment...
2026-02-19 10:41:46, Info                         [msoobe.exe] Installing Windows Recovery Environment
2026-02-19 10:41:46, Info                         [msoobe.exe] TASK: Begin running task RemoveAdminProfile...
2026-02-19 10:41:46, Info                         [msoobe.exe] Processing cache change notification for setting ENTERINGUSEROOBE.
2026-02-19 10:41:46, Info                         [msoobe.exe] TASK: Begin running task QueueArsSystemTasksTask...
2026-02-19 10:41:46, Info                         [msoobe.exe] Removing Administrator Profile
2026-02-19 10:41:46, Info                         [msoobe.exe] Processing cache change notification for setting PRODUCTKEYSTATUS.
2026-02-19 10:41:46, Info                         [msoobe.exe] Processing cache change notification for setting PRODUCTKEYSTATUS.
2026-02-19 10:41:46, Info                         [msoobe.exe] Processing cache change notification for setting UNATTENDPROTECTION.
2026-02-19 10:41:46, Info                         [msoobe.exe] Processing cache change notification for setting TIMESYNCSTATUS.
2026-02-19 10:41:46, Info                         [msoobe.exe] Processing cache change notification for setting NOTIFYLANGUAGEDONE.
2026-02-19 10:41:46, Info                         [msoobe.exe] Service profsvc is already running without invoking StartService()
2026-02-19 10:41:46, Info                         [msoobe.exe] Beginning wait for service profsvc (initial state SERVICE_RUNNING, desired state SERVICE_RUNNING)
2026-02-19 10:41:46, Info                         [msoobe.exe] Service profsvc successfully reports in state SERVICE_RUNNING
2026-02-19 10:41:46, Info                         [msoobe.exe] Admin profile S-1-5-21-3254045276-3268219225-559295794-500 was not found.
2026-02-19 10:41:46, Info                         [msoobe.exe] TASK: End successfully running task RemoveAdminProfile
2026-02-19 10:41:46, Info                         [msoobe.exe] Enter WinReOobeInstall
2026-02-19 10:41:46, Info                         [msoobe.exe] Posted cache change notification for setting NETWORKSTATUS.
2026-02-19 10:41:46, Info                         [msoobe.exe] Connectivity changed: No connection detected
2026-02-19 10:41:46, Info                         [msoobe.exe] Successfully created Internet listener
2026-02-19 10:41:46, Info                         [msoobe.exe] Processing cache change notification for setting NETWORKSTATUS.
2026-02-19 10:41:46, Info                         [msoobe.exe] AppReadinessService QueueSystemTasks result [hr=0x00000000]
2026-02-19 10:41:46, Info                         [msoobe.exe] TASK: End successfully running task QueueArsSystemTasksTask
2026-02-19 10:41:46, Info                         [msoobe.exe] winreSetDriverEpoch: Driver epoch: 0
2026-02-19 10:41:46, Info                         [msoobe.exe] winreSetRecoveryDirectorySecurity: Checking for recovery dir [C:\Recovery]
2026-02-19 10:41:46, Info                         [msoobe.exe] winreSetRecoveryDirectorySecurity: Recovery dir did not exist, creating with secure ACL
2026-02-19 10:41:46, Info                         [msoobe.exe] winreSetRecoveryDirectorySecurity: Created [C:\Recovery] successfully
2026-02-19 10:41:46, Info                         [msoobe.exe] winreSetRecoveryDirectorySecurity: Set [C:\Recovery] permissions to [O:BAG:BAD:(A;CIOI;GA;;;BA)(A;CIOI;GRGX;;;AU)(A;CIOI;GRGX;;;BU)]
2026-02-19 10:41:46, Info                         [msoobe.exe] winreSetRecoveryDirectorySecurity: Successfully made [C:\Recovery] hidden
2026-02-19 10:41:46, Info                         [msoobe.exe] winreTraceHostInstallType: Install type: 13
2026-02-19 10:41:46, Info                         [msoobe.exe] CheckRegKey Reg get value (PushButtonReset) failed. with error 0x2
2026-02-19 10:41:46, Info                         [msoobe.exe] Failed to clear WIM file trusted state: 0x2
2026-02-19 10:41:46, Info                         [msoobe.exe] Failed to clear WIM file hash: 0x2
2026-02-19 10:41:46, Info                         [msoobe.exe] Update enhanced config info is enabled.
2026-02-19 10:41:46, Info                         [msoobe.exe] WinRE is installed
2026-02-19 10:41:46, Info                         [msoobe.exe] Loading boot index 1
2026-02-19 10:41:46, Info                         [msoobe.exe] Posted cache change notification for setting NETWORKSTATUS.
2026-02-19 10:41:46, Info                         [msoobe.exe] Connectivity changed: Internet detected
2026-02-19 10:41:46, Info                         [msoobe.exe] Processing cache change notification for setting NETWORKSTATUS.
2026-02-19 10:41:46, Info                         [msoobe.exe] TASK: Begin running task SyncSystemTime...
2026-02-19 10:41:46, Info                         [msoobe.exe] Service w32time is already running without invoking StartService()
2026-02-19 10:41:46, Info                         [msoobe.exe] Beginning wait for service w32time (initial state SERVICE_RUNNING, desired state SERVICE_RUNNING)
2026-02-19 10:41:46, Info                         [msoobe.exe] Service w32time successfully reports in state SERVICE_RUNNING
2026-02-19 10:41:46, Info                         [msoobe.exe] winreValidateWimFile took 125 ms.
2026-02-19 10:41:46, Info                         [msoobe.exe] Successfully attempted syncing the system clock with the w32time service.
2026-02-19 10:41:46, Info                         [msoobe.exe] Posted cache change notification for setting TIMESYNCSTATUS.
2026-02-19 10:41:46, Info                         [msoobe.exe] Processing cache change notification for setting TIMESYNCSTATUS.
2026-02-19 10:41:46, Info                         [msoobe.exe] TASK: End successfully running task SyncSystemTime
2026-02-19 10:41:46, Info                         [msoobe.exe] Installed product key ((null))
2026-02-19 10:41:46, Info                         [msoobe.exe] Posted cache change notification for setting PRODUCTKEYSTATUS.
2026-02-19 10:41:46, Info                         [msoobe.exe] TASK: End successfully running task InstallPid
2026-02-19 10:41:46, Info                         [msoobe.exe] Processing cache change notification for setting PRODUCTKEYSTATUS.
2026-02-19 10:41:46, Info                         [msoobe.exe] Next button was clicked
2026-02-19 10:41:46, Info                         [msoobe.exe] UPDATE: running for end
2026-02-19 10:41:46, Info                         [msoobe.exe] UPDATE: not implemented for plugin end
2026-02-19 10:41:46, Info                         [msoobe.exe] UPDATE: running for zdp
2026-02-19 10:41:46, Info                         [msoobe.exe] UPDATE: not implemented for plugin zdp
2026-02-19 10:41:46, Info                         [msoobe.exe] COMMIT: running for plugin HidPairing Plugin
2026-02-19 10:41:46, Info                         [msoobe.exe] COMMIT: not implemented for plugin HidPairing Plugin
2026-02-19 10:41:46, Info                         [msoobe.exe] COMMIT: running for plugin Wireless Plugin
2026-02-19 10:41:46, Info                         [msoobe.exe] COMMIT: not implemented for plugin Wireless Plugin
2026-02-19 10:41:46, Info                         [msoobe.exe] COMMIT: running for plugin Language Plugin
2026-02-19 10:41:46, Info                         [msoobe.exe] COMMIT: not implemented for plugin Language Plugin
2026-02-19 10:41:46, Info                         [msoobe.exe] COMMIT: running for plugin Region Plugin
2026-02-19 10:41:46, Info                         [msoobe.exe] COMMIT: not implemented for plugin Region Plugin
2026-02-19 10:41:46, Info                         [msoobe.exe] COMMIT: running for plugin ComputerName Plugin
2026-02-19 10:41:46, Info                         [msoobe.exe] COMMIT: not implemented for plugin ComputerName Plugin
2026-02-19 10:41:46, Info                         [msoobe.exe] COMMIT: running for plugin User OOBE Preparation Plugin
2026-02-19 10:41:46, Info                         [msoobe.exe] COMMIT: not implemented for plugin User OOBE Preparation Plugin
2026-02-19 10:41:46, Info                         [msoobe.exe] COMMIT: running for plugin PID Plugin
2026-02-19 10:41:46, Info                         [msoobe.exe] COMMIT: not implemented for plugin PID Plugin
2026-02-19 10:41:46, Info                         [msoobe.exe] COMMIT: running for plugin ProtectPC Plugin
2026-02-19 10:41:46, Info                         [msoobe.exe] TASK: Begin running task CommitProtectPCSettings...
2026-02-19 10:41:46, Info                         [msoobe.exe] ProtectPC Task - setting Enabled value to (0)
2026-02-19 10:41:46, Info                         [msoobe.exe] ProtectPC Task - setting SensorPermissionState value to (0)
2026-02-19 10:41:46, Info                         [msoobe.exe] ProtectPC Task - setting Status value to (0)
2026-02-19 10:41:46, Info                         [msoobe.exe] ProtectPC Task - Leaving default state in place for LocationSyncEnabled value
2026-02-19 10:41:46, Info                         [msoobe.exe] ProtectPC Task - setting Enabled value to (0)
2026-02-19 10:41:46, Info                         [msoobe.exe] ProtectPC Task - setting AllowTelemetry value to (1)
2026-02-19 10:41:46, Info                         [msoobe.exe] ProtectPC Task - Leaving default state in place for ShowedToastAtLevel value
2026-02-19 10:41:46, Info                         [msoobe.exe] ProtectPC Task - setting TailoredExperiencesWithDiagnosticDataEnabled value to (0)
2026-02-19 10:41:46, Info                         [msoobe.exe] ProtectPC Task - Leaving default state in place for PersonalizedOffersEnabled value
2026-02-19 10:41:46, Info                         [msoobe.exe] ProtectPC Task - setting AllowPresenceSensingOobe value to (0)
2026-02-19 10:41:47, Info                         [msoobe.exe] ProtectPC Task - setting location capability to value Deny via CAM succeeded
2026-02-19 10:41:47, Info                         [msoobe.exe] ProtectPC Task - setting humanPresence capability to value Deny via CAM succeeded
2026-02-19 10:41:47, Info                         [msoobe.exe] ProtectPC Task - Leaving default state in place for (null) value
2026-02-19 10:41:47, Info                         [msoobe.exe] ProtectPC Task - setting Telemetry to value disabled via custom commit function succeeded with 0x0
2026-02-19 10:41:47, Info                         [msoobe.exe] TASK: End successfully running task CommitProtectPCSettings
2026-02-19 10:41:47, Info                         [msoobe.exe] COMMIT: succeeded for plugin ProtectPC Plugin
2026-02-19 10:41:47, Info                         [msoobe.exe] COMMIT: running for plugin TimeDate Plugin
2026-02-19 10:41:47, Info                         [msoobe.exe] Set time zone to [Qyzylorda Standard Time]
2026-02-19 10:41:47, Info                         [msoobe.exe] COMMIT: succeeded for plugin TimeDate Plugin
2026-02-19 10:41:47, Info                         [msoobe.exe] COMMIT: running for plugin RetailDemo Plugin
2026-02-19 10:41:47, Info                         [msoobe.exe] COMMIT: not implemented for plugin RetailDemo Plugin
2026-02-19 10:41:47, Info                         [msoobe.exe] COMMIT: running for plugin ZDP Plugin
2026-02-19 10:41:47, Info                         [msoobe.exe] COMMIT: not implemented for plugin ZDP Plugin
2026-02-19 10:41:47, Info                         [msoobe.exe] COMMIT: running for plugin Misc Plugin
2026-02-19 10:41:47, Info                         [msoobe.exe] COMMIT: not implemented for plugin Misc Plugin
2026-02-19 10:41:47, Info                         [msoobe.exe] COMMIT: running for plugin End Plugin
2026-02-19 10:41:47, Info                         [msoobe.exe] COMMIT: not implemented for plugin End Plugin
2026-02-19 10:41:47, Info                         [msoobe.exe] ExecuteFinalMandatoryTasks not implemented for plugin HidPairing Plugin
2026-02-19 10:41:47, Info                         [msoobe.exe] Service AppReadiness is already running without invoking StartService()
2026-02-19 10:41:47, Info                         [msoobe.exe] Service wlansvc is already running without invoking StartService()
2026-02-19 10:41:47, Info                         [msoobe.exe] Beginning wait for service AppReadiness (initial state SERVICE_RUNNING, desired state SERVICE_START_PENDING)
2026-02-19 10:41:47, Info                         [msoobe.exe] Beginning wait for service wlansvc (initial state SERVICE_RUNNING, desired state SERVICE_RUNNING)
2026-02-19 10:41:47, Info                         [msoobe.exe] Service AppReadiness successfully reports in state SERVICE_START_PENDING
2026-02-19 10:41:47, Info                         [msoobe.exe] Service wlansvc successfully reports in state SERVICE_RUNNING
2026-02-19 10:41:47, Info                         [msoobe.exe] Service appxsvc is already running without invoking StartService()
2026-02-19 10:41:47, Info                         [msoobe.exe] Beginning wait for service appxsvc (initial state SERVICE_RUNNING, desired state SERVICE_START_PENDING)
2026-02-19 10:41:47, Info                         [msoobe.exe] Service appxsvc successfully reports in state SERVICE_START_PENDING
2026-02-19 10:41:47, Info                         [msoobe.exe] Successfully executed final mandatory task for plugin Wireless Plugin
2026-02-19 10:41:47, Info                         [msoobe.exe] Successfully executed final mandatory task for plugin Language Plugin
2026-02-19 10:41:47, Info                         [msoobe.exe] Region Plugin successfully set default Dvd region
2026-02-19 10:41:47, Info                         [msoobe.exe] Successfully executed final mandatory task for plugin Region Plugin
2026-02-19 10:41:47, Info                         [msoobe.exe] ExecuteFinalMandatoryTasks not implemented for plugin ComputerName Plugin
2026-02-19 10:41:47, Info                         [msoobe.exe] Launch is invalid with isPreparationLaunchWindowValid = 1, prepareUserOOBETask = -1159442648
2026-02-19 10:41:47, Info                         [msoobe.exe] calling CPrepareUserOOBETask::PostTaskOperations with accountNeeded = 1
2026-02-19 10:41:47, Info                         [msoobe.exe] Setting auto logon with fUseAuthBuffer = 0, fEnableAutologon = 1
2026-02-19 10:41:47, Info                         [msoobe.exe] Successfully setting Auto-logon with fUseAuthBuffer = 0
2026-02-19 10:41:47, Info                         [msoobe.exe] Cleaned up the AutoLogon Count value
2026-02-19 10:41:47, Info                         [msoobe.exe] CPrepareUserOOBETask::_UpdateRegistry succeeded
2026-02-19 10:41:47, Info                         [msoobe.exe] Post-setup for the default account is run successfully with m_defaultAccountName = defaultuser0
2026-02-19 10:41:47, Info                         [msoobe.exe] Posted cache change notification for setting ENTERINGUSEROOBE.
2026-02-19 10:41:47, Info                         [msoobe.exe] UserOOBE prepareTask _WaitForTaskToComplete and PostTaskOperations succeeded with userOobeDisabled = 0, accountNeeded = 1
2026-02-19 10:41:47, Info                         [msoobe.exe] Successfully executed final mandatory task for plugin User OOBE Preparation Plugin
2026-02-19 10:41:47, Info                         [msoobe.exe] Successfully executed final mandatory task for plugin PID Plugin
2026-02-19 10:41:47, Info                         [msoobe.exe] ExecuteFinalMandatoryTasks not implemented for plugin ProtectPC Plugin
2026-02-19 10:41:47, Info                         [msoobe.exe] Beginning wait for service w32time (initial state SERVICE_STOP_PENDING, desired state SERVICE_STOP_PENDING)
2026-02-19 10:41:47, Info                         [msoobe.exe] Service w32time successfully reports in state SERVICE_STOP_PENDING
2026-02-19 10:41:47, Info                         [msoobe.exe] Successfully executed final mandatory task for plugin TimeDate Plugin
2026-02-19 10:41:47, Info                         [msoobe.exe] Successfully executed final mandatory task for plugin RetailDemo Plugin
2026-02-19 10:41:47, Info                         [msoobe.exe] Successfully executed final mandatory task for plugin ZDP Plugin
2026-02-19 10:41:47, Info                         [msoobe.exe] Processing cache change notification for setting ENTERINGUSEROOBE.
2026-02-19 10:41:48, Info                         [msoobe.exe] WinReValidateRecoveryWimInternal took 2641 ms.
2026-02-19 10:41:48, Info                         [msoobe.exe] WinReOobeInstall Resetting WinRE recovery action
2026-02-19 10:41:48, Info                         [msoobe.exe] Enter WinReSetRecoveryAction
2026-02-19 10:41:48, Info                         [msoobe.exe] Parameters: Operation: 5, OperationParam: NULL, Permanent: FALSE, ConfigWinDir: NULL
2026-02-19 10:41:48, Warning                      [msoobe.exe] RegOpenKeyEx(GP) failed: 0x2
2026-02-19 10:41:48, Warning                      [msoobe.exe] WinReGetGroupPolicies failed with error code 0x2
2026-02-19 10:41:48, Warning                      [msoobe.exe] NOTE: overwrite error code 0x2 because it is not critical
2026-02-19 10:41:48, Info                         [msoobe.exe] WinRE config file path: C:\WINDOWS\system32\Recovery\ReAgent.xml
2026-02-19 10:41:48, Info                         [msoobe.exe] Update enhanced config info is enabled.
2026-02-19 10:41:48, Info                         [msoobe.exe] WinRE is installed
2026-02-19 10:41:48, Info                         [msoobe.exe] WinRE is installed at: \\?\GLOBALROOT\device\harddisk0\partition4\Recovery\WindowsRE
2026-02-19 10:41:48, Info                         [msoobe.exe] System is WimBoot: FALSE
2026-02-19 10:41:48, Info                         [msoobe.exe] WinRE image validated
2026-02-19 10:41:48, Info                         [msoobe.exe] Update enhanced config info is enabled.
2026-02-19 10:41:48, Info                         [msoobe.exe] WinRE is installed
2026-02-19 10:41:48, Info                         [msoobe.exe] Exit WinReSetRecoveryAction return value: 1, last error: 0x0
2026-02-19 10:41:48, Info                         [msoobe.exe] WinReOobeInstall Resealing volume if necessary
2026-02-19 10:41:48, Info                         [msoobe.exe] WinReOobeInstall WinRE installation in OOBE completed
2026-02-19 10:41:48, Info                         [msoobe.exe] Exit WinReOobeInstall return value: 1
2026-02-19 10:41:48, Info                         [msoobe.exe] Successfully installed Windows Recovery Environment
2026-02-19 10:41:48, Info                         [msoobe.exe] TASK: End successfully running task WindowsRecoveryEnvironment
2026-02-19 10:41:48, Info                         [msoobe.exe] TASK: Begin running task ResetNotificationTimerTask...
2026-02-19 10:41:48, Info                         [msoobe.exe] TASK: End successfully running task ResetNotificationTimerTask
2026-02-19 10:41:48, Info                         [msoobe.exe] Successfully executed final mandatory task for plugin Misc Plugin
2026-02-19 10:41:48, Info                         [msoobe.exe] ExecuteFinalMandatoryTasks not implemented for plugin End Plugin
2026-02-19 10:41:48, Info                         [msoobe.exe] KILLACTIVE: wizard page for page End
2026-02-19 10:41:48, Info                         [msoobe.exe] OOBE wizard finishing - preparing final UX before destroying wizard.
2026-02-19 10:41:48, Info                         [msoobe.exe] Triggering fade to black to end OOBE UI
2026-02-19 10:41:49, Info                         [msoobe.exe] Posting Quit message after Fade To Black Transition Complete
2026-02-19 10:41:49, Info                         [msoobe.exe] Main Wizard message loop finished
2026-02-19 10:41:49, Info                         [msoobe.exe] Finished running wizard with hr=0x00000000
2026-02-19 10:41:49, Info                         [msoobe.exe] Ensuring netprofm task is complete.
2026-02-19 10:41:49, Info                         [msoobe.exe] Wrote End-of-OOBE Timestamp to Registry
2026-02-19 10:41:49, Info                         [msoobe.exe] License for msoobe-FirstLogonAnim-MayBeDisabled is false
2026-02-19 10:41:49, Info                         [msoobe.exe] Host returned successfully
2026-02-19 10:41:49, Info                         [msoobe.exe] Ending OOBE
2026-02-19 10:41:49, Info                         [msoobe.exe] ----------------------------------------------------------
2026-02-19 10:41:49, Info                         [oobeldr.exe] OrchestrateUpdateImageState: Updating image state from [IMAGE_STATE_UNDEPLOYABLE] --> [IMAGE_STATE_COMPLETE]
2026-02-19 10:41:49, Info                         [oobeldr.exe] OOBELdr.exe exiting with code [0x0]...
2026-02-19 10:41:49, Info                         [windeploy.exe] Process exited with exit code [0x0]
2026-02-19 10:41:49, Info                         [windeploy.exe] Setting Setup power request before PostOOBE commands
2026-02-19 10:41:49, Info                         [windeploy.exe] Windeploy: Executing PostOOBE commands
2026-02-19 10:41:49, Info                         [windeploy.exe] FbeExecuteExtensions: Launching process(es) in inclusive mode
2026-02-19 10:41:49, Info                         [windeploy.exe] ExecuteCommandFromValue: Executing command line: C:\$WINDOWS.~BT\Sources\SetupPlatform.exe /postoobe
2026-02-19 10:41:49, Info                         [taskhostw.exe] OOBE Monitor task background thread started
2026-02-19 10:41:56, Info                         [windeploy.exe] ExecuteCommandFromValue: Command line execution succeeded; exit code [0]
2026-02-19 10:41:56, Info                         [windeploy.exe] FbeExecuteExtensions: Processed 1 extension(s)
2026-02-19 10:41:56, Info                         [windeploy.exe] Publishing WNF notification to indicate OOBE completion
2026-02-19 10:41:56, Info                         [windeploy.exe] OrchestrateWnfPublishOobeCompletion: Publishing WNF event for OOBE completion; OOBE completion flag = TRUE
2026-02-19 10:41:56, Info                         [windeploy.exe] Client OS detected.
2026-02-19 10:41:56, Info                         [windeploy.exe] Flushing registry to disk...
2026-02-19 10:41:56, Info                         [windeploy.exe] Flush took 15 ms.
2026-02-19 10:41:56, Info                         [windeploy.exe] Setting Setup power request before running cleanup
2026-02-19 10:41:56, Info                         [windeploy.exe] Executing move/cleanup commands
2026-02-19 10:41:56, Info                         [windeploy.exe] ExecuteMoveFromValue: Executing move of C:\$WINDOWS.~BT to <nullptr>
2026-02-19 10:41:56, Info                         [windeploy.exe] DeletePath: Attempting to obliterate [C:\$WINDOWS.~BT] (final path [\\?\Volume{6cbe10d0-23f0-4e74-a98b-ae78191ee3ed}\$Windows.~BT]).
2026-02-19 10:41:57, Warning                      [windeploy.exe] ExecuteMove: Delete done (C:\$WINDOWS.~BT)
2026-02-19 10:41:57, Info                         [windeploy.exe] ExecuteMoveFromValue: ExecuteMove returned result: 0
2026-02-19 10:41:57, Info                         [windeploy.exe] WinDeploy.exe exiting with code [0x0]
2026-02-19 10:41:58, Info                         [taskhostw.exe] OOBE Monitor event received: 101
2026-02-19 10:42:00, Info                         [taskhostw.exe] OOBE Monitor event received: 102
2026-02-19 10:42:02, Info                         [taskhostw.exe] OOBE Monitor event received: 103
2026-02-19 10:42:28, Info                         [CloudExperienceHostBroker.exe] Opting in to IncludeDriverSets
2026-02-19 10:42:28, Info                         [CloudExperienceHostBroker.exe] CZDPTask setting OOBE_GLOBAL_SETTING_ZDPSTATUS ZDP_Scanning.
2026-02-19 10:42:29, Info                         [taskhostw.exe] OOBE Monitor event received: 104
2026-02-19 10:42:55, Info                         [CloudExperienceHostBroker.exe] ISearchCompletedCallback::Invoke called
2026-02-19 10:42:55, Info                         [CloudExperienceHostBroker.exe] Wait result from WU ZDP Search: 0X1
2026-02-19 10:42:55, Info                         [CloudExperienceHostBroker.exe] Found 0 updates in collection.
2026-02-19 10:42:55, Info                         [CloudExperienceHostBroker.exe] CZDPTask::CancelTask() Invoked.
2026-02-19 10:42:55, Info                         [CloudExperienceHostBroker.exe] CZDPTask setting OOBE_GLOBAL_SETTING_ZDPSTATUS ZDP_Finished.
2026-02-19 10:43:01, Info                         [CloudExperienceHostBroker.exe] Failed to load oobe.xml file at C:\WINDOWS\system32\oobe\info\oobe.xml with hr=0x80070003
2026-02-19 10:43:01, Info                         [CloudExperienceHostBroker.exe] Failed to load oobe.xml file at C:\WINDOWS\system32\oobe\info\default\oobe.xml with hr=0x80070003
2026-02-19 10:43:01, Info                         [CloudExperienceHostBroker.exe] Failed to load oobe.xml file at C:\WINDOWS\system32\oobe\info\137\oobe.xml with hr=0x80070003
2026-02-19 10:43:01, Info                         [CloudExperienceHostBroker.exe] Failed to load oobe.xml file at C:\WINDOWS\system32\oobe\info\default\1033\oobe.xml with hr=0x80070003
2026-02-19 10:43:01, Info                         [CloudExperienceHostBroker.exe] Failed to load oobe.xml file at C:\WINDOWS\system32\oobe\info\137\1033\oobe.xml with hr=0x80070003
2026-02-19 10:43:01, Info                         [CloudExperienceHostBroker.exe] OEM registration: No title found - skipping any further oobe.xml OEM registration processing.
2026-02-19 10:43:03, Info                         [CloudExperienceHostBroker.exe] UserOOBEController::Exit() started [1]
2026-02-19 10:43:03, Info                         [taskhostw.exe] OOBE Monitor event received: 999
2026-02-19 10:43:03, Info                         [CloudExperienceHostBroker.exe] Setting auto logon with fUseAuthBuffer = 1, fEnableAutologon = 0
2026-02-19 10:43:03, Info                         [CloudExperienceHostBroker.exe] Cleaned up the AutoLogon Count value
2026-02-19 10:43:03, Info                         [CloudExperienceHostBroker.exe] Clearing Auto-logon values per request
2026-02-19 10:43:03, Info                         [CloudExperienceHostBroker.exe] Transferring unattend.xml autologon values
2026-02-19 10:43:09, Info                  DISM   Initialized Panther logging at C:\WINDOWS\Logs\DISM\dism.log
2026-02-19 10:43:09, Info                  DISM   DISM Provider Store: PID=5188 TID=6460 Found and Initialized the DISM Logger. - CDISMProviderStore::Internal_InitializeLogger
2026-02-19 10:43:09, Info                  DISM   DISM Manager: PID=5188 TID=6460 Successfully created the local image session and provider store. - CDISMManager::CreateLocalImageSession
2026-02-19 10:43:09, Info                  DISM   DISM FFU Provider: PID=5188 TID=6460 [C:\] is not recognized by the DISM FFU provider. - CFfuImage::Initialize
2026-02-19 10:43:09, Info                  DISM   DISM Imaging Provider: PID=5188 TID=6460 The provider FfuManager does not support CreateDismImage on C:\ - CGenericImagingManager::CreateDismImage
2026-02-19 10:43:09, Info                  DISM   DISM VHD Provider: PID=5188 TID=6460 [C:\] is not recognized by the DISM VHD provider. - CVhdImage::Initialize
2026-02-19 10:43:09, Info                  DISM   DISM Imaging Provider: PID=5188 TID=6460 The provider VHDManager does not support CreateDismImage on C:\ - CGenericImagingManager::CreateDismImage
2026-02-19 10:43:09, Info                  DISM   DISM WIM Provider: PID=5188 TID=6460 [C:\] is not a WIM mount point. - CWimMountedImageInfo::Initialize
2026-02-19 10:43:09, Info                  DISM   DISM Imaging Provider: PID=5188 TID=6460 The provider WimManager does not support CreateDismImage on C:\ - CGenericImagingManager::CreateDismImage
2026-02-19 10:43:09, Info                  DISM   DISM Imaging Provider: PID=5188 TID=6460 No imaging provider supported CreateDismImage for this path - CGenericImagingManager::CreateDismImage
2026-02-19 10:43:09, Info                  DISM   DISM WIM Provider: PID=5188 TID=6460 [C:\] is not a WIM mount point. - CWimMountedImageInfo::Initialize
2026-02-19 10:43:09, Info                  DISM   DISM FFU Provider: PID=5188 TID=6460 [C:\] is not recognized by the DISM FFU provider. - CFfuImage::Initialize
2026-02-19 10:43:09, Info                  DISM   DISM VHD Provider: PID=5188 TID=6460 [C:\] is not recognized by the DISM VHD provider. - CVhdImage::Initialize
2026-02-19 10:43:09, Info                  DISM   DISM Manager: PID=5188 TID=6460 physical location path: C:\ - CDISMManager::CreateImageSession
2026-02-19 10:43:09, Info                  DISM   DISM Manager: PID=5188 TID=6460 Event name for current DISM session is Global\{FBA9F01E-F61F-452F-A25D-2312A4047C53} - CDISMManager::CheckSessionAndLock
2026-02-19 10:43:09, Info                  DISM   DISM Manager: PID=5188 TID=6460 Create session event 0xba4 for current DISM session and event name is Global\{FBA9F01E-F61F-452F-A25D-2312A4047C53}  - CDISMManager::CheckSessionAndLock
2026-02-19 10:43:09, Info                  DISM   DISM Manager: PID=5188 TID=6460 Copying DISM from "C:\Windows\System32\Dism" - CDISMManager::CreateImageSessionFromLocation
2026-02-19 10:43:09, Info                  DISM   DISM Manager: PID=5188 TID=6460 No Sandbox was created, DISM running in-place. - CDISMManager::CreateImageSessionFromLocation
2026-02-19 10:43:09, Info                  DISM   DISM Manager: PID=5188 TID=6460 Successfully loaded the ImageSession at "C:\Windows\System32\Dism" - CDISMManager::LoadRemoteImageSession
2026-02-19 10:43:09, Info                  DISM   DISM Image Session: PID=6488 TID=5580 Instantiating the Provider Store. - CDISMImageSession::get_ProviderStore
2026-02-19 10:43:09, Info                  DISM   DISM OS Provider: PID=6488 TID=5580 Defaulting SystemPath to C:\ - CDISMOSServiceManager::Final_OnConnect
2026-02-19 10:43:09, Info                  DISM   DISM OS Provider: PID=6488 TID=5580 Defaulting Windows folder to C:\Windows - CDISMOSServiceManager::Final_OnConnect
2026-02-19 10:43:09, Info                  DISM   DISM Provider Store: PID=6488 TID=5580 Attempting to initialize the logger from the Image Session. - CDISMProviderStore::Final_OnConnect
2026-02-19 10:43:09, Info                  DISM   DISM Manager: PID=5188 TID=6460 Image session successfully loaded from location: C:\Windows\System32\Dism - CDISMManager::CreateImageSession
2026-02-19 10:45:35, Info                  DISM   DISM Manager: PID=5188 TID=6460 Closing session event handle 0xba4 - CDISMManager::CleanupImageSessionEntry
