*** Will now execute command «reg.exe add "HKLM\SYSTEM\Setup\MoSetup" /v AllowUpgradesWithUnsupportedTPMOrCPU /t REG_DWORD /d 1 /…».
The operation completed successfully.

*** Finished executing command after 60 ms.




*** Will now execute command «Remove-Item -LiteralPath 'C:\Users\Default\AppData\Roaming\Microsoft\Windows\Start Menu\Programs\On…».
Remove-Item : Cannot find path 'C:\Users\Default\AppData\Roaming\Microsoft\Windows\Start Menu\Programs\OneDrive.lnk' because it does not exist.
At C:\Windows\Setup\Scripts\Specialize.ps1:6 char:3
+         Remove-Item -LiteralPath 'C:\Users\Default\AppData\Roaming\Mi ...
+         ~~~~~~~~~~~~~~~~~~~~~~~~~~~~~~~~~~~~~~~~~~~~~~~~~~~~~~~~~~~~~
    + CategoryInfo          : ObjectNotFound: (C:\Users\Defaul...ms\OneDrive.lnk:String) [Remove-Item], ItemNotFoundEx    ception
    + FullyQualifiedErrorId : PathNotFound,Microsoft.PowerShell.Commands.RemoveItemCommand
 
Remove-Item : Cannot find path 'C:\Windows\SysWOW64\OneDriveSetup.exe' because it does not exist.
At C:\Windows\Setup\Scripts\Specialize.ps1:6 char:3
+         Remove-Item -LiteralPath 'C:\Users\Default\AppData\Roaming\Mi ...
+         ~~~~~~~~~~~~~~~~~~~~~~~~~~~~~~~~~~~~~~~~~~~~~~~~~~~~~~~~~~~~~
    + CategoryInfo          : ObjectNotFound: (C:\Windows\SysWOW64\OneDriveSetup.exe:String) [Remove-Item], ItemNotFou    ndException
    + FullyQualifiedErrorId : PathNotFound,Microsoft.PowerShell.Commands.RemoveItemCommand
 
*** Finished executing command after 347 ms.




*** Will now execute command «Remove-Item -LiteralPath 'Registry::HKLM\Software\Microsoft\WindowsUpdate\Orchestrator\UScheduler_O…».
*** Finished executing command after 28 ms.




*** Will now execute command «reg.exe add "HKLM\SOFTWARE\Microsoft\Windows\CurrentVersion\Communications" /v ConfigureChatAutoIns…».
The operation completed successfully.

*** Finished executing command after 24 ms.




*** Will now execute command «& 'C:\Windows\Setup\Scripts\RemovePackages.ps1';».
*** Finished executing command after 19329 ms.




*** Will now execute command «& 'C:\Windows\Setup\Scripts\RemoveCapabilities.ps1';».
*** Finished executing command after 49938 ms.




*** Will now execute command «& 'C:\Windows\Setup\Scripts\RemoveFeatures.ps1';».
*** Finished executing command after 8108 ms.




*** Will now execute command «net.exe accounts /maxpwage:UNLIMITED;».
The command completed successfully.

*** Finished executing command after 66 ms.




*** Will now execute command «reg.exe add "HKLM\SYSTEM\CurrentControlSet\Control\CI\Policy" /v VerifiedAndReputablePolicyState /t…».
The operation completed successfully.

*** Finished executing command after 31 ms.




*** Will now execute command «reg.exe add "HKLM\SYSTEM\CurrentControlSet\Control\FileSystem" /v LongPathsEnabled /t REG_DWORD /d …».
The operation completed successfully.

*** Finished executing command after 43 ms.




*** Will now execute command «Set-ExecutionPolicy -Scope 'LocalMachine' -ExecutionPolicy 'RemoteSigned' -Force;».
Set-ExecutionPolicy : Windows PowerShell updated your execution policy successfully, but the setting is overridden by a policy defined at a more specific scope.  Due to the override, your shell will retain its current effective execution policy of Unrestricted. Type "Get-ExecutionPolicy -List" to view your execution policy settings. For more information please see "Get-Help Set-ExecutionPolicy".
At C:\Windows\Setup\Scripts\Specialize.ps1:33 char:3
+         Set-ExecutionPolicy -Scope 'LocalMachine' -ExecutionPolicy 'R ...
+         ~~~~~~~~~~~~~~~~~~~~~~~~~~~~~~~~~~~~~~~~~~~~~~~~~~~~~~~~~~~~~
    + CategoryInfo          : PermissionDenied: (:) [Set-ExecutionPolicy], SecurityException
    + FullyQualifiedErrorId : ExecutionPolicyOverride,Microsoft.PowerShell.Commands.SetExecutionPolicyCommand
*** Finished executing command after 428 ms.




*** Will now execute command «fsutil.exe behavior set disableLastAccess 1;».
DisableLastAccess = 1  (User Managed, Last Access Time Updates DISABLED)

This operation takes effect immediately (no reboot required)
*** Finished executing command after 50 ms.




*** Will now execute command «reg.exe add "HKLM\SOFTWARE\Policies\Microsoft\Dsh" /v AllowNewsAndInterests /t REG_DWORD /d 0 /f;».
The operation completed successfully.

*** Finished executing command after 64 ms.




*** Will now execute command «reg.exe add "HKLM\Software\Policies\Microsoft\Windows\CloudContent" /v "DisableWindowsConsumerFeatu…».
The operation completed successfully.

*** Finished executing command after 40 ms.




*** Will now execute command «reg.exe add "HKLM\SYSTEM\CurrentControlSet\Control\BitLocker" /v "PreventDeviceEncryption" /t REG_D…».
The operation completed successfully.

*** Finished executing command after 47 ms.




*** Will now execute command «reg.exe add "HKLM\Software\Policies\Microsoft\Edge" /v HideFirstRunExperience /t REG_DWORD /d 1 /f;».
The operation completed successfully.

*** Finished executing command after 48 ms.




*** Will now execute command «reg.exe add "HKLM\Software\Policies\Microsoft\Edge\Recommended" /v BackgroundModeEnabled /t REG_DWO…».
The operation completed successfully.

The operation completed successfully.

*** Finished executing command after 63 ms.




*** Will now execute command «& 'C:\Windows\Setup\Scripts\SetStartPins.ps1';».


    Hive: HKLM\SOFTWARE\Microsoft\PolicyManager\current\device


Name                           Property                                                                                                                                                                                                                                                                                                                                                                                                                                                                                                                                                                                                                                                                                                                                                                                                                                                                                                                                                                                                                         
----                           --------                                                                                                                                                                                                                                                                                                                                                                                                                                                                                                                                                                                                                                                                                                                                                                                                                                                                                                                                                                                                                         
Start                                                                                                                                                                                                                                                                                                                                                                                                                                                                                                                                                                                                                                                                                                                                                                                                                                                                                                                                                                                                                                                           
*** Finished executing command after 157 ms.




*** Will now execute command «try { $bytes = & 'C:\Windows\Setup\Scripts\GetWallpaper.ps1'; [System.IO.File]::WriteAllBytes( 'C:\…».
*** Finished executing command after 3219 ms.




*** Will now execute command «try { $bytes = & 'C:\Windows\Setup\Scripts\GetLockScreenImage.ps1'; [System.IO.File]::WriteAllBytes…».
The operation completed successfully.

*** Finished executing command after 695 ms.




*** Will now execute command «».
*** Finished executing command after 11 ms.




*** Will now execute command «& 'C:\Windows\Setup\Scripts\unattend-02.ps1';».
winget : The term 'winget' is not recognized as the name of a cmdlet, function, script file, or operable program. Check the spelling of the name, or if a path was included, verify that the path is correct and try again.
At C:\Windows\Setup\Scripts\unattend-02.ps1:1 char:1
+ winget install --id 7zip.7zip -e --source winget --accept-source-agre ...
+ ~~~~~~
    + CategoryInfo          : ObjectNotFound: (winget:String) [], CommandNotFoundException
    + FullyQualifiedErrorId : CommandNotFoundException
 
*** Finished executing command after 1222 ms.




*** Will now execute command «& 'C:\Windows\Setup\Scripts\unattend-03.ps1';».
*** Finished executing command after 8680 ms.




*** Will now execute command «reg.exe import "C:\Windows\Setup\Scripts\unattend-04.reg";».
reg.exe : The operation completed successfully.
At C:\Windows\Setup\Scripts\Specialize.ps1:83 char:3
+         reg.exe import "C:\Windows\Setup\Scripts\unattend-04.reg";
+         ~~~~~~~~~~~~~~~~~~~~~~~~~~~~~~~~~~~~~~~~~~~~~~~~~~~~~~~~~
    + CategoryInfo          : NotSpecified: (The operation completed successfully.:String) [], RemoteException
    + FullyQualifiedErrorId : NativeCommandError
 

*** Finished executing command after 64 ms.






